n	n*n	#proc	run	time [s]	distance
128	16384	1	0	0.00149	203.49
128	16384	1	1	0.001479	203.49
128	16384	1	2	0.001473	203.49
128	16384	1	3	0.001481	203.49
128	16384	1	4	0.001476	203.49
128	16384	1	5	0.001474	203.49
128	16384	1	6	0.001473	203.49
128	16384	1	7	0.001474	203.49
128	16384	1	8	0.001485	203.49
128	16384	1	9	0.001485	203.49
128	16384	1	10	0.001478	203.49
128	16384	1	11	0.001474	203.49
128	16384	1	12	0.001478	203.49
128	16384	1	13	0.001472	203.49
128	16384	1	14	0.001473	203.49
128	16384	1	15	0.001483	203.49
128	16384	1	16	0.001473	203.49
128	16384	1	17	0.00148	203.49
128	16384	1	18	0.001476	203.49
128	16384	1	19	0.001474	203.49
128	16384	2	0	0.001511	203.048
128	16384	2	1	0.001401	203.597
128	16384	2	2	0.001407	203.523
128	16384	2	3	0.001334	203.746
128	16384	2	4	0.001469	203.384
128	16384	2	5	0.001396	203.161
128	16384	2	6	0.001401	203.351
128	16384	2	7	0.001391	203.706
128	16384	2	8	0.00145	203.442
128	16384	2	9	0.001474	204.742
128	16384	2	10	0.001334	202.65
128	16384	2	11	0.001313	202.696
128	16384	2	12	0.00133	203.737
128	16384	2	13	0.001378	203.759
128	16384	2	14	0.001509	203.65
128	16384	2	15	0.001322	203.751
128	16384	2	16	0.001472	203.559
128	16384	2	17	0.00141	203.728
128	16384	2	18	0.001437	203.139
128	16384	2	19	0.001445	204.743
128	16384	3	0	0.001359	202.74
128	16384	3	1	0.001458	204.429
128	16384	3	2	0.001256	203.656
128	16384	3	3	0.001305	203.717
128	16384	3	4	0.001299	202.688
128	16384	3	5	0.001293	203.603
128	16384	3	6	0.001297	203.343
128	16384	3	7	0.001184	202.568
128	16384	3	8	0.00133	204.753
128	16384	3	9	0.001373	203.249
128	16384	3	10	0.001289	203.741
128	16384	3	11	0.001208	203.611
128	16384	3	12	0.001268	203.637
128	16384	3	13	0.001243	203.378
128	16384	3	14	0.00142	204.503
128	16384	3	15	0.001298	204.563
128	16384	3	16	0.00133	204.7
128	16384	3	17	0.001224	202.57
128	16384	3	18	0.001123	202.722
128	16384	3	19	0.001351	203.547
128	16384	4	0	0.001376	204.615
128	16384	4	1	0.001188	203.594
128	16384	4	2	0.001288	204.358
128	16384	4	3	0.001218	203.401
128	16384	4	4	0.001331	204.623
128	16384	4	5	0.001153	203.43
128	16384	4	6	0.001189	203.121
128	16384	4	7	0.001356	204.383
128	16384	4	8	0.001264	204.731
128	16384	4	9	0.001274	204.634
128	16384	4	10	0.0013	203.638
128	16384	4	11	0.001156	202.68
128	16384	4	12	0.001292	203.622
128	16384	4	13	0.001191	202.603
128	16384	4	14	0.00126	204.754
128	16384	4	15	0.001285	202.599
128	16384	4	16	0.001265	203.586
128	16384	4	17	0.001188	203.59
128	16384	4	18	0.001265	203.567
128	16384	4	19	0.001275	203.755
128	16384	5	0	0.001353	203.522
128	16384	5	1	0.001233	203.642
128	16384	5	2	0.001217	203.539
128	16384	5	3	0.00119	203.615
128	16384	5	4	0.00123	203.657
128	16384	5	5	0.00128	204.595
128	16384	5	6	0.001228	203.14
128	16384	5	7	0.001141	203.617
128	16384	5	8	0.001291	204.719
128	16384	5	9	0.001243	203.757
128	16384	5	10	0.001157	203.579
128	16384	5	11	0.001372	204.284
128	16384	5	12	0.001114	202.757
128	16384	5	13	0.001248	204.7
128	16384	5	14	0.001161	202.479
128	16384	5	15	0.001235	203.364
128	16384	5	16	0.001436	204.546
128	16384	5	17	0.00108	202.734
128	16384	5	18	0.001129	202.701
128	16384	5	19	0.001277	203.73
128	16384	6	0	0.001385	202.975
128	16384	6	1	0.001211	204.498
128	16384	6	2	0.001188	203.63
128	16384	6	3	0.00122	203.674
128	16384	6	4	0.001294	203.894
128	16384	6	5	0.001161	203.159
128	16384	6	6	0.001119	203.396
128	16384	6	7	0.00123	203.358
128	16384	6	8	0.001168	204.51
128	16384	6	9	0.001216	204.115
128	16384	6	10	0.001234	203.599
128	16384	6	11	0.001139	203.71
128	16384	6	12	0.001304	203.288
128	16384	6	13	0.001092	203.569
128	16384	6	14	0.001234	204.689
128	16384	6	15	0.001167	203.615
128	16384	6	16	0.001142	203.622
128	16384	6	17	0.001101	203.651
128	16384	6	18	0.001268	203.312
128	16384	6	19	0.001114	203.58
128	16384	7	0	0.001302	202.963
128	16384	7	1	0.001019	202.714
128	16384	7	2	0.001182	204.418
128	16384	7	3	0.001319	204.757
128	16384	7	4	0.001147	203.282
128	16384	7	5	0.001174	203.549
128	16384	7	6	0.001145	202.591
128	16384	7	7	0.001129	203.644
128	16384	7	8	0.001188	203.301
128	16384	7	9	0.001217	203.697
128	16384	7	10	0.001071	203.619
128	16384	7	11	0.001145	204.755
128	16384	7	12	0.001193	204.228
128	16384	7	13	0.001105	203.699
128	16384	7	14	0.001126	203.303
128	16384	7	15	0.001103	203.994
128	16384	7	16	0.001114	203.655
128	16384	7	17	0.001207	203.29
128	16384	7	18	0.001079	203.55
128	16384	7	19	0.001128	203.74
128	16384	8	0	0.001323	203.06
128	16384	8	1	0.001068	203.661
128	16384	8	2	0.001158	203.865
128	16384	8	3	0.001245	204.734
128	16384	8	4	0.001037	203.309
128	16384	8	5	0.00118	204.68
128	16384	8	6	0.001164	203.758
128	16384	8	7	0.001147	204.733
128	16384	8	8	0.001108	203.436
128	16384	8	9	0.001065	203.752
128	16384	8	10	0.001091	203.473
128	16384	8	11	0.001046	203.738
128	16384	8	12	0.001136	204.664
128	16384	8	13	0.001167	204.597
128	16384	8	14	0.001063	203.619
128	16384	8	15	0.001153	204.483
128	16384	8	16	0.001114	203.047
128	16384	8	17	0.001091	203.69
128	16384	8	18	0.001126	203.749
128	16384	8	19	0.001057	203.734
256	65536	1	0	0.005686	406.116
256	65536	1	1	0.005649	406.116
256	65536	1	2	0.005661	406.116
256	65536	1	3	0.005643	406.116
256	65536	1	4	0.005635	406.116
256	65536	1	5	0.00565	406.116
256	65536	1	6	0.005651	406.116
256	65536	1	7	0.005643	406.116
256	65536	1	8	0.005641	406.116
256	65536	1	9	0.005639	406.116
256	65536	1	10	0.005645	406.116
256	65536	1	11	0.00564	406.116
256	65536	1	12	0.005648	406.116
256	65536	1	13	0.005637	406.116
256	65536	1	14	0.005637	406.116
256	65536	1	15	0.005637	406.116
256	65536	1	16	0.005636	406.116
256	65536	1	17	0.005642	406.116
256	65536	1	18	0.005638	406.116
256	65536	1	19	0.005647	406.116
256	65536	2	0	0.005461	406.508
256	65536	2	1	0.004675	405.959
256	65536	2	2	0.004962	406.882
256	65536	2	3	0.005053	408.116
256	65536	2	4	0.004996	407.35
256	65536	2	5	0.004565	405.261
256	65536	2	6	0.0046	406.402
256	65536	2	7	0.004604	406.346
256	65536	2	8	0.005066	407.249
256	65536	2	9	0.005025	406.622
256	65536	2	10	0.004842	407.271
256	65536	2	11	0.005073	408.254
256	65536	2	12	0.005113	407.994
256	65536	2	13	0.004678	406.407
256	65536	2	14	0.005015	406.449
256	65536	2	15	0.004853	407.099
256	65536	2	16	0.004965	406.596
256	65536	2	17	0.004848	407.392
256	65536	2	18	0.004872	407.197
256	65536	2	19	0.004904	408.002
256	65536	3	0	0.004507	407.306
256	65536	3	1	0.004178	406.315
256	65536	3	2	0.00428	406.551
256	65536	3	3	0.003947	406.395
256	65536	3	4	0.004503	407.186
256	65536	3	5	0.004049	406.356
256	65536	3	6	0.003939	405.407
256	65536	3	7	0.004282	407.376
256	65536	3	8	0.004227	406.354
256	65536	3	9	0.004169	406.398
256	65536	3	10	0.003837	405.399
256	65536	3	11	0.004101	405.086
256	65536	3	12	0.00453	407.467
256	65536	3	13	0.004291	407.108
256	65536	3	14	0.004245	406.197
256	65536	3	15	0.004287	406.436
256	65536	3	16	0.004069	405.394
256	65536	3	17	0.004115	407.398
256	65536	3	18	0.004119	407.207
256	65536	3	19	0.004217	406.183
256	65536	4	0	0.004295	406.454
256	65536	4	1	0.003722	406.408
256	65536	4	2	0.003815	406.562
256	65536	4	3	0.003813	406.369
256	65536	4	4	0.003686	405.117
256	65536	4	5	0.003908	406.98
256	65536	4	6	0.004032	407.105
256	65536	4	7	0.003709	406.371
256	65536	4	8	0.003781	406.19
256	65536	4	9	0.003812	407.104
256	65536	4	10	0.003867	407.262
256	65536	4	11	0.003727	406.33
256	65536	4	12	0.004002	407.679
256	65536	4	13	0.003613	406.26
256	65536	4	14	0.004292	407.196
256	65536	4	15	0.004204	407.179
256	65536	4	16	0.003825	405.367
256	65536	4	17	0.003983	407.346
256	65536	4	18	0.004003	405.94
256	65536	4	19	0.004214	407.662
256	65536	5	0	0.003855	406.294
256	65536	5	1	0.003653	404.413
256	65536	5	2	0.003703	405.421
256	65536	5	3	0.003813	406.298
256	65536	5	4	0.003994	407.206
256	65536	5	5	0.003972	407.092
256	65536	5	6	0.003687	405.657
256	65536	5	7	0.003706	406.179
256	65536	5	8	0.003544	405.409
256	65536	5	9	0.00373	406.369
256	65536	5	10	0.003715	406.949
256	65536	5	11	0.003936	407.217
256	65536	5	12	0.003675	406.333
256	65536	5	13	0.003736	405.841
256	65536	5	14	0.004011	409.279
256	65536	5	15	0.003856	406.835
256	65536	5	16	0.0039	406.415
256	65536	5	17	0.003723	406.094
256	65536	5	18	0.003747	407.251
256	65536	5	19	0.003551	405.366
256	65536	6	0	0.003768	406.963
256	65536	6	1	0.003563	406.4
256	65536	6	2	0.003649	407.399
256	65536	6	3	0.00364	407.358
256	65536	6	4	0.00336	405.385
256	65536	6	5	0.003608	406.954
256	65536	6	6	0.003611	407.333
256	65536	6	7	0.00376	406.421
256	65536	6	8	0.003431	405.415
256	65536	6	9	0.003594	407.377
256	65536	6	10	0.003756	406.631
256	65536	6	11	0.003812	408.354
256	65536	6	12	0.003591	406.504
256	65536	6	13	0.003793	408.167
256	65536	6	14	0.003456	405.399
256	65536	6	15	0.003711	407.192
256	65536	6	16	0.003438	406.393
256	65536	6	17	0.003645	406.035
256	65536	6	18	0.003539	406.129
256	65536	6	19	0.003694	406.474
256	65536	7	0	0.004028	408.322
256	65536	7	1	0.003746	408.38
256	65536	7	2	0.003589	405.951
256	65536	7	3	0.00351	405.866
256	65536	7	4	0.003275	405.333
256	65536	7	5	0.003435	406.215
256	65536	7	6	0.003841	407.721
256	65536	7	7	0.003466	405.911
256	65536	7	8	0.003486	406.191
256	65536	7	9	0.003584	407.395
256	65536	7	10	0.003628	405.464
256	65536	7	11	0.003653	406.712
256	65536	7	12	0.003752	407.663
256	65536	7	13	0.003525	407.294
256	65536	7	14	0.003411	406.368
256	65536	7	15	0.003874	405.421
256	65536	7	16	0.003719	406.413
256	65536	7	17	0.003866	407.369
256	65536	7	18	0.003925	406.862
256	65536	7	19	0.003941	407.024
256	65536	8	0	0.003927	406.385
256	65536	8	1	0.003633	405.893
256	65536	8	2	0.003594	406.31
256	65536	8	3	0.003801	406.395
256	65536	8	4	0.003763	405.896
256	65536	8	5	0.00394	406.929
256	65536	8	6	0.003717	405.386
256	65536	8	7	0.003733	406.555
256	65536	8	8	0.003706	407.125
256	65536	8	9	0.003524	406.17
256	65536	8	10	0.003705	406.421
256	65536	8	11	0.003575	406.133
256	65536	8	12	0.003223	406.369
256	65536	8	13	0.003715	406.969
256	65536	8	14	0.003436	406.335
256	65536	8	15	0.003719	406.637
256	65536	8	16	0.003428	405.568
256	65536	8	17	0.003783	408.281
256	65536	8	18	0.003664	407.4
256	65536	8	19	0.003331	405.914
512	262144	1	0	0.037907	811.057
512	262144	1	1	0.037658	811.057
512	262144	1	2	0.037573	811.057
512	262144	1	3	0.037572	811.057
512	262144	1	4	0.037516	811.057
512	262144	1	5	0.037546	811.057
512	262144	1	6	0.037557	811.057
512	262144	1	7	0.037518	811.057
512	262144	1	8	0.037763	811.057
512	262144	1	9	0.037494	811.057
512	262144	1	10	0.037562	811.057
512	262144	1	11	0.03752	811.057
512	262144	1	12	0.03751	811.057
512	262144	1	13	0.037489	811.057
512	262144	1	14	0.037502	811.057
512	262144	1	15	0.037518	811.057
512	262144	1	16	0.03751	811.057
512	262144	1	17	0.037552	811.057
512	262144	1	18	0.037474	811.057
512	262144	1	19	0.037471	811.057
512	262144	2	0	0.024333	813.416
512	262144	2	1	0.02599	815.149
512	262144	2	2	0.025002	813.197
512	262144	2	3	0.023924	812.301
512	262144	2	4	0.024909	814.412
512	262144	2	5	0.025207	813.524
512	262144	2	6	0.025324	815.428
512	262144	2	7	0.024617	813.592
512	262144	2	8	0.024149	813.41
512	262144	2	9	0.025501	814.596
512	262144	2	10	0.02462	814.397
512	262144	2	11	0.024848	813.259
512	262144	2	12	0.025568	815.573
512	262144	2	13	0.024616	814.232
512	262144	2	14	0.024359	812.607
512	262144	2	15	0.024781	814.431
512	262144	2	16	0.024452	814.472
512	262144	2	17	0.024243	813.161
512	262144	2	18	0.024146	814.489
512	262144	2	19	0.024218	813.55
512	262144	3	0	0.018807	813.365
512	262144	3	1	0.017764	811.445
512	262144	3	2	0.018815	813.401
512	262144	3	3	0.018621	813.057
512	262144	3	4	0.01907	815.031
512	262144	3	5	0.0198	814.19
512	262144	3	6	0.019461	814.398
512	262144	3	7	0.018837	813.33
512	262144	3	8	0.018545	812.416
512	262144	3	9	0.018897	813.303
512	262144	3	10	0.01905	812.811
512	262144	3	11	0.018758	813.106
512	262144	3	12	0.019304	815.569
512	262144	3	13	0.019362	814.595
512	262144	3	14	0.019184	812.853
512	262144	3	15	0.019202	813.776
512	262144	3	16	0.018644	812.285
512	262144	3	17	0.018537	812.488
512	262144	3	18	0.018956	813.518
512	262144	3	19	0.017783	811.422
512	262144	4	0	0.018326	814.16
512	262144	4	1	0.016397	814.251
512	262144	4	2	0.016491	814.525
512	262144	4	3	0.016506	813.451
512	262144	4	4	0.016682	814.447
512	262144	4	5	0.016074	813.463
512	262144	4	6	0.01624	813.598
512	262144	4	7	0.017131	815.049
512	262144	4	8	0.016946	815.47
512	262144	4	9	0.015768	812.455
512	262144	4	10	0.016649	815.439
512	262144	4	11	0.016641	814.13
512	262144	4	12	0.016707	816.374
512	262144	4	13	0.017014	816.465
512	262144	4	14	0.015621	812.578
512	262144	4	15	0.017101	814.278
512	262144	4	16	0.017928	815.177
512	262144	4	17	0.017282	813.719
512	262144	4	18	0.017437	813.614
512	262144	4	19	0.017036	813.424
512	262144	5	0	0.015894	814.599
512	262144	5	1	0.015304	813.664
512	262144	5	2	0.015667	815.355
512	262144	5	3	0.015026	813.03
512	262144	5	4	0.015366	813.878
512	262144	5	5	0.014922	813.565
512	262144	5	6	0.014763	813.407
512	262144	5	7	0.01488	812.573
512	262144	5	8	0.015473	815.477
512	262144	5	9	0.014971	812.878
512	262144	5	10	0.014839	812.488
512	262144	5	11	0.01482	812.857
512	262144	5	12	0.015324	815.591
512	262144	5	13	0.014769	812.473
512	262144	5	14	0.014854	815.235
512	262144	5	15	0.01522	815.507
512	262144	5	16	0.014632	814.575
512	262144	5	17	0.014711	814.437
512	262144	5	18	0.015124	815.041
512	262144	5	19	0.014854	814.04
512	262144	6	0	0.015785	815.316
512	262144	6	1	0.013884	814.492
512	262144	6	2	0.01381	814.578
512	262144	6	3	0.013681	813.58
512	262144	6	4	0.01367	813.115
512	262144	6	5	0.014047	815.558
512	262144	6	6	0.01348	813.067
512	262144	6	7	0.013448	813.413
512	262144	6	8	0.014131	814.328
512	262144	6	9	0.013468	813.236
512	262144	6	10	0.013597	813.156
512	262144	6	11	0.013423	812.018
512	262144	6	12	0.014176	811.919
512	262144	6	13	0.014284	815.572
512	262144	6	14	0.014777	815.327
512	262144	6	15	0.014519	814.487
512	262144	6	16	0.01464	815.123
512	262144	6	17	0.014103	813.518
512	262144	6	18	0.013972	814.13
512	262144	6	19	0.013841	814.593
512	262144	7	0	0.013462	815.599
512	262144	7	1	0.012855	812.331
512	262144	7	2	0.013361	814.252
512	262144	7	3	0.01331	813.603
512	262144	7	4	0.013307	813.715
512	262144	7	5	0.013527	815.391
512	262144	7	6	0.013305	815.45
512	262144	7	7	0.012992	814.282
512	262144	7	8	0.012861	812.764
512	262144	7	9	0.013376	814.65
512	262144	7	10	0.014196	814.578
512	262144	7	11	0.013966	812.435
512	262144	7	12	0.013787	813.474
512	262144	7	13	0.013695	813.465
512	262144	7	14	0.013395	811.366
512	262144	7	15	0.014289	815.507
512	262144	7	16	0.013575	815.503
512	262144	7	17	0.013718	814.984
512	262144	7	18	0.0134	815.408
512	262144	7	19	0.013633	815.354
512	262144	8	0	0.014138	813.228
512	262144	8	1	0.013195	815.24
512	262144	8	2	0.013088	813.336
512	262144	8	3	0.013324	814.896
512	262144	8	4	0.013017	814.318
512	262144	8	5	0.012757	813.452
512	262144	8	6	0.012549	813.452
512	262144	8	7	0.013027	813.907
512	262144	8	8	0.013953	814.245
512	262144	8	9	0.013616	814.475
512	262144	8	10	0.014017	815.239
512	262144	8	11	0.013749	814.486
512	262144	8	12	0.013734	814.201
512	262144	8	13	0.013879	814.507
512	262144	8	14	0.012934	813.591
512	262144	8	15	0.012698	813.439
512	262144	8	16	0.012814	814.506
512	262144	8	17	0.012874	814.482
512	262144	8	18	0.012433	814.394
512	262144	8	19	0.012645	812.917
1024	1048576	1	0	0.157705	1626.14
1024	1048576	1	1	0.157748	1626.14
1024	1048576	1	2	0.157579	1626.14
1024	1048576	1	3	0.157641	1626.14
1024	1048576	1	4	0.15771	1626.14
1024	1048576	1	5	0.157734	1626.14
1024	1048576	1	6	0.157475	1626.14
1024	1048576	1	7	0.157641	1626.14
1024	1048576	1	8	0.157853	1626.14
1024	1048576	1	9	0.15758	1626.14
1024	1048576	1	10	0.157652	1626.14
1024	1048576	1	11	0.1577	1626.14
1024	1048576	1	12	0.157786	1626.14
1024	1048576	1	13	0.157674	1626.14
1024	1048576	1	14	0.15767	1626.14
1024	1048576	1	15	0.157816	1626.14
1024	1048576	1	16	0.15769	1626.14
1024	1048576	1	17	0.157545	1626.14
1024	1048576	1	18	0.157872	1626.14
1024	1048576	1	19	0.157754	1626.14
1024	1048576	2	0	0.096767	1625.02
1024	1048576	2	1	0.098567	1628.16
1024	1048576	2	2	0.098401	1626.21
1024	1048576	2	3	0.100165	1628.07
1024	1048576	2	4	0.098636	1627.59
1024	1048576	2	5	0.097523	1627.16
1024	1048576	2	6	0.095487	1626.16
1024	1048576	2	7	0.097756	1627.2
1024	1048576	2	8	0.09695	1626.2
1024	1048576	2	9	0.097463	1626.16
1024	1048576	2	10	0.098346	1627.92
1024	1048576	2	11	0.099211	1628.15
1024	1048576	2	12	0.096417	1627.22
1024	1048576	2	13	0.099953	1629.11
1024	1048576	2	14	0.100269	1630.15
1024	1048576	2	15	0.099331	1627.59
1024	1048576	2	16	0.097784	1628.17
1024	1048576	2	17	0.099764	1627.63
1024	1048576	2	18	0.096857	1626.2
1024	1048576	2	19	0.100328	1628.21
1024	1048576	3	0	0.074011	1626.19
1024	1048576	3	1	0.076511	1628.89
1024	1048576	3	2	0.073989	1627.08
1024	1048576	3	3	0.075666	1628.91
1024	1048576	3	4	0.074364	1627.22
1024	1048576	3	5	0.075561	1628.68
1024	1048576	3	6	0.075992	1628.33
1024	1048576	3	7	0.074904	1627.16
1024	1048576	3	8	0.074178	1627.21
1024	1048576	3	9	0.073155	1626.18
1024	1048576	3	10	0.074097	1628.08
1024	1048576	3	11	0.07405	1627.16
1024	1048576	3	12	0.074907	1628.12
1024	1048576	3	13	0.074463	1627.74
1024	1048576	3	14	0.076063	1629.19
1024	1048576	3	15	0.073425	1625.85
1024	1048576	3	16	0.075437	1629.19
1024	1048576	3	17	0.073132	1627.17
1024	1048576	3	18	0.075422	1626.82
1024	1048576	3	19	0.074577	1627.37
1024	1048576	4	0	0.062035	1627.16
1024	1048576	4	1	0.062401	1628.13
1024	1048576	4	2	0.062444	1626.15
1024	1048576	4	3	0.062401	1626.92
1024	1048576	4	4	0.062729	1627.22
1024	1048576	4	5	0.060201	1623.73
1024	1048576	4	6	0.064141	1628.16
1024	1048576	4	7	0.062634	1628.14
1024	1048576	4	8	0.062611	1628.23
1024	1048576	4	9	0.061068	1625.16
1024	1048576	4	10	0.062727	1627.24
1024	1048576	4	11	0.06172	1626.44
1024	1048576	4	12	0.061884	1628.22
1024	1048576	4	13	0.06396	1629.16
1024	1048576	4	14	0.065187	1628.11
1024	1048576	4	15	0.065055	1627.55
1024	1048576	4	16	0.063955	1628.85
1024	1048576	4	17	0.062961	1628.15
1024	1048576	4	18	0.063609	1629.16
1024	1048576	4	19	0.064228	1628.14
1024	1048576	5	0	0.060931	1627.67
1024	1048576	5	1	0.057389	1625.46
1024	1048576	5	2	0.056494	1627.2
1024	1048576	5	3	0.056795	1628.07
1024	1048576	5	4	0.057534	1630.14
1024	1048576	5	5	0.054456	1626.06
1024	1048576	5	6	0.056142	1628.09
1024	1048576	5	7	0.056674	1630.15
1024	1048576	5	8	0.054389	1626.06
1024	1048576	5	9	0.05521	1627.19
1024	1048576	5	10	0.056446	1628.18
1024	1048576	5	11	0.057388	1629.19
1024	1048576	5	12	0.056987	1628.17
1024	1048576	5	13	0.05571	1626.09
1024	1048576	5	14	0.056383	1627.35
1024	1048576	5	15	0.057372	1627.39
1024	1048576	5	16	0.055634	1625.17
1024	1048576	5	17	0.058263	1629.42
1024	1048576	5	18	0.056889	1627.9
1024	1048576	5	19	0.056065	1626.16
1024	1048576	6	0	0.051814	1627.63
1024	1048576	6	1	0.050898	1628.85
1024	1048576	6	2	0.051083	1627.39
1024	1048576	6	3	0.055592	1630.01
1024	1048576	6	4	0.054043	1626.99
1024	1048576	6	5	0.053947	1627.21
1024	1048576	6	6	0.050398	1627.15
1024	1048576	6	7	0.050476	1629.13
1024	1048576	6	8	0.049814	1627.21
1024	1048576	6	9	0.050499	1626.77
1024	1048576	6	10	0.051551	1628.16
1024	1048576	6	11	0.05059	1627.34
1024	1048576	6	12	0.050252	1626.17
1024	1048576	6	13	0.05358	1626.12
1024	1048576	6	14	0.055113	1628.91
1024	1048576	6	15	0.0534	1625.19
1024	1048576	6	16	0.049015	1625.21
1024	1048576	6	17	0.051353	1627.8
1024	1048576	6	18	0.050402	1627.22
1024	1048576	6	19	0.055215	1627.21
1024	1048576	7	0	0.053241	1628.2
1024	1048576	7	1	0.05282	1627.23
1024	1048576	7	2	0.050536	1627.98
1024	1048576	7	3	0.05046	1628.13
1024	1048576	7	4	0.051452	1628.82
1024	1048576	7	5	0.051102	1627.85
1024	1048576	7	6	0.052041	1631.17
1024	1048576	7	7	0.051565	1629.19
1024	1048576	7	8	0.050096	1628
1024	1048576	7	9	0.051968	1628.88
1024	1048576	7	10	0.050162	1628.04
1024	1048576	7	11	0.051459	1628.12
1024	1048576	7	12	0.050938	1627.21
1024	1048576	7	13	0.049715	1626.86
1024	1048576	7	14	0.049704	1626.14
1024	1048576	7	15	0.050241	1626.28
1024	1048576	7	16	0.049317	1625.21
1024	1048576	7	17	0.04788	1628.02
1024	1048576	7	18	0.04765	1627.23
1024	1048576	7	19	0.047482	1626.33
1024	1048576	8	0	0.052112	1628.13
1024	1048576	8	1	0.049683	1628.11
1024	1048576	8	2	0.049433	1627.56
1024	1048576	8	3	0.052962	1628.72
1024	1048576	8	4	0.051962	1626.75
1024	1048576	8	5	0.053489	1630.18
1024	1048576	8	6	0.047266	1628.18
1024	1048576	8	7	0.045802	1626.19
1024	1048576	8	8	0.046345	1627.02
1024	1048576	8	9	0.051077	1624.15
1024	1048576	8	10	0.052798	1628.11
1024	1048576	8	11	0.05399	1627.9
1024	1048576	8	12	0.045559	1626.92
1024	1048576	8	13	0.04438	1625.21
1024	1048576	8	14	0.045625	1626.38
1024	1048576	8	15	0.052697	1628.17
1024	1048576	8	16	0.051753	1627.21
1024	1048576	8	17	0.051077	1627.17
1024	1048576	8	18	0.049995	1628.2
1024	1048576	8	19	0.049583	1627.09
2048	4194304	1	0	0.646776	3250.44
2048	4194304	1	1	0.646813	3250.44
2048	4194304	1	2	0.646906	3250.44
2048	4194304	1	3	0.646809	3250.44
2048	4194304	1	4	0.646767	3250.44
2048	4194304	1	5	0.647064	3250.44
2048	4194304	1	6	0.64687	3250.44
2048	4194304	1	7	0.647137	3250.44
2048	4194304	1	8	0.647045	3250.44
2048	4194304	1	9	0.646682	3250.44
2048	4194304	1	10	0.646733	3250.44
2048	4194304	1	11	0.646711	3250.44
2048	4194304	1	12	0.64679	3250.44
2048	4194304	1	13	0.647058	3250.44
2048	4194304	1	14	0.646802	3250.44
2048	4194304	1	15	0.646507	3250.44
2048	4194304	1	16	0.646609	3250.44
2048	4194304	1	17	0.646586	3250.44
2048	4194304	1	18	0.646827	3250.44
2048	4194304	1	19	0.646776	3250.44
2048	4194304	2	0	0.393566	3250.61
2048	4194304	2	1	0.394621	3250.79
2048	4194304	2	2	0.395197	3251.79
2048	4194304	2	3	0.394996	3250.19
2048	4194304	2	4	0.405103	3252.76
2048	4194304	2	5	0.390315	3250.65
2048	4194304	2	6	0.39853	3254.43
2048	4194304	2	7	0.392905	3251.54
2048	4194304	2	8	0.397939	3253.46
2048	4194304	2	9	0.403876	3252.59
2048	4194304	2	10	0.400996	3252.54
2048	4194304	2	11	0.394476	3249.9
2048	4194304	2	12	0.389113	3249.43
2048	4194304	2	13	0.389646	3249.76
2048	4194304	2	14	0.388339	3250.48
2048	4194304	2	15	0.388693	3250.58
2048	4194304	2	16	0.393434	3252.62
2048	4194304	2	17	0.382526	3247.16
2048	4194304	2	18	0.390051	3251.88
2048	4194304	2	19	0.383896	3248.76
2048	4194304	3	0	0.296157	3253.35
2048	4194304	3	1	0.297611	3251.3
2048	4194304	3	2	0.296035	3252.4
2048	4194304	3	3	0.294358	3251.64
2048	4194304	3	4	0.293776	3250.05
2048	4194304	3	5	0.296118	3252.58
2048	4194304	3	6	0.295834	3253.62
2048	4194304	3	7	0.299974	3251.78
2048	4194304	3	8	0.302384	3253.85
2048	4194304	3	9	0.296924	3249.91
2048	4194304	3	10	0.296241	3250.81
2048	4194304	3	11	0.296951	3252.42
2048	4194304	3	12	0.298153	3253.11
2048	4194304	3	13	0.297258	3251.46
2048	4194304	3	14	0.294193	3249.66
2048	4194304	3	15	0.292473	3250.36
2048	4194304	3	16	0.29526	3249.55
2048	4194304	3	17	0.299971	3253.51
2048	4194304	3	18	0.293322	3249.94
2048	4194304	3	19	0.297743	3252.06
2048	4194304	4	0	0.24638	3250.67
2048	4194304	4	1	0.248826	3250.47
2048	4194304	4	2	0.25235	3254.56
2048	4194304	4	3	0.259107	3253.66
2048	4194304	4	4	0.250941	3252.91
2048	4194304	4	5	0.247618	3250.66
2048	4194304	4	6	0.245985	3250.25
2048	4194304	4	7	0.249595	3253.76
2048	4194304	4	8	0.249265	3253.94
2048	4194304	4	9	0.256184	3252.74
2048	4194304	4	10	0.2461	3250.65
2048	4194304	4	11	0.24799	3250.58
2048	4194304	4	12	0.240486	3249.42
2048	4194304	4	13	0.254715	3252.27
2048	4194304	4	14	0.254217	3251.19
2048	4194304	4	15	0.24367	3251.66
2048	4194304	4	16	0.24801	3251.37
2048	4194304	4	17	0.242775	3248.51
2048	4194304	4	18	0.249206	3251.84
2048	4194304	4	19	0.249461	3252.2
2048	4194304	5	0	0.221893	3250.95
2048	4194304	5	1	0.222265	3253.19
2048	4194304	5	2	0.222249	3251.55
2048	4194304	5	3	0.224155	3254.29
2048	4194304	5	4	0.217815	3252.64
2048	4194304	5	5	0.222768	3253.67
2048	4194304	5	6	0.217596	3248.99
2048	4194304	5	7	0.219582	3250.6
2048	4194304	5	8	0.217479	3250.89
2048	4194304	5	9	0.215708	3253.42
2048	4194304	5	10	0.220896	3249.88
2048	4194304	5	11	0.225713	3253.65
2048	4194304	5	12	0.221864	3251.71
2048	4194304	5	13	0.221015	3252.13
2048	4194304	5	14	0.218531	3250.66
2048	4194304	5	15	0.216173	3251.44
2048	4194304	5	16	0.216706	3253.38
2048	4194304	5	17	0.216851	3251.48
2048	4194304	5	18	0.22592	3253.63
2048	4194304	5	19	0.218783	3253.46
2048	4194304	6	0	0.198216	3252.7
2048	4194304	6	1	0.196158	3249.83
2048	4194304	6	2	0.197127	3250.66
2048	4194304	6	3	0.19836	3253.41
2048	4194304	6	4	0.208562	3254.63
2048	4194304	6	5	0.211854	3251.67
2048	4194304	6	6	0.210773	3250.6
2048	4194304	6	7	0.197867	3250.63
2048	4194304	6	8	0.195841	3249.85
2048	4194304	6	9	0.198687	3252.5
2048	4194304	6	10	0.200104	3248.41
2048	4194304	6	11	0.215975	3252.8
2048	4194304	6	12	0.21258	3251.67
2048	4194304	6	13	0.205047	3249.88
2048	4194304	6	14	0.200822	3253.49
2048	4194304	6	15	0.199427	3253.64
2048	4194304	6	16	0.205597	3253.61
2048	4194304	6	17	0.213465	3250.97
2048	4194304	6	18	0.214703	3253.63
2048	4194304	6	19	0.209181	3249.11
2048	4194304	7	0	0.188032	3250.6
2048	4194304	7	1	0.183055	3250.61
2048	4194304	7	2	0.192598	3247.75
2048	4194304	7	3	0.187825	3253.36
2048	4194304	7	4	0.184334	3250.46
2048	4194304	7	5	0.185945	3250.56
2048	4194304	7	6	0.187157	3253.79
2048	4194304	7	7	0.186757	3251.82
2048	4194304	7	8	0.19771	3251.67
2048	4194304	7	9	0.199034	3251.67
2048	4194304	7	10	0.198996	3251.77
2048	4194304	7	11	0.186319	3252.39
2048	4194304	7	12	0.185114	3253.19
2048	4194304	7	13	0.184527	3252.65
2048	4194304	7	14	0.194736	3251.65
2048	4194304	7	15	0.194873	3251.49
2048	4194304	7	16	0.184454	3252.38
2048	4194304	7	17	0.186087	3252.66
2048	4194304	7	18	0.188612	3254.88
2048	4194304	7	19	0.198201	3253.66
2048	4194304	8	0	0.1821	3250.87
2048	4194304	8	1	0.175794	3250.62
2048	4194304	8	2	0.179038	3252.41
2048	4194304	8	3	0.206311	3252.45
2048	4194304	8	4	0.203544	3249.65
2048	4194304	8	5	0.203265	3249.97
2048	4194304	8	6	0.197301	3252.17
2048	4194304	8	7	0.197721	3252.37
2048	4194304	8	8	0.178721	3253.38
2048	4194304	8	9	0.17742	3251.6
2048	4194304	8	10	0.178187	3253.61
2048	4194304	8	11	0.190293	3252.56
2048	4194304	8	12	0.192643	3252.4
2048	4194304	8	13	0.192702	3252.46
2048	4194304	8	14	0.19417	3251.43
2048	4194304	8	15	0.204421	3251.61
2048	4194304	8	16	0.205189	3252.2
2048	4194304	8	17	0.206674	3253.66
2048	4194304	8	18	0.190392	3250.5
2048	4194304	8	19	0.192811	3251.86
4096	16777216	1	0	2.69026	6499.7
4096	16777216	1	1	2.68936	6499.7
4096	16777216	1	2	2.68839	6499.7
4096	16777216	1	3	2.68696	6499.7
4096	16777216	1	4	2.68942	6499.7
4096	16777216	1	5	2.68743	6499.7
4096	16777216	1	6	2.68822	6499.7
4096	16777216	1	7	2.68767	6499.7
4096	16777216	1	8	2.68857	6499.7
4096	16777216	1	9	2.68773	6499.7
4096	16777216	1	10	2.68722	6499.7
4096	16777216	1	11	2.68237	6499.7
4096	16777216	1	12	2.68857	6499.7
4096	16777216	1	13	2.68747	6499.7
4096	16777216	1	14	2.68812	6499.7
4096	16777216	1	15	2.68806	6499.7
4096	16777216	1	16	2.68859	6499.7
4096	16777216	1	17	2.68848	6499.7
4096	16777216	1	18	2.691	6499.7
4096	16777216	1	19	2.68745	6499.7
4096	16777216	2	0	1.60478	6496.77
4096	16777216	2	1	1.62491	6499.77
4096	16777216	2	2	1.60968	6495.07
4096	16777216	2	3	1.60108	6494.74
4096	16777216	2	4	1.62648	6499.95
4096	16777216	2	5	1.60502	6495.69
4096	16777216	2	6	1.63869	6496.85
4096	16777216	2	7	1.62122	6498.76
4096	16777216	2	8	1.62081	6498.83
4096	16777216	2	9	1.60801	6495.57
4096	16777216	2	10	1.59065	6493.26
4096	16777216	2	11	1.61089	6498.13
4096	16777216	2	12	1.61118	6499.6
4096	16777216	2	13	1.59011	6492.73
4096	16777216	2	14	1.63308	6499.75
4096	16777216	2	15	1.61879	6497.78
4096	16777216	2	16	1.61274	6496.73
4096	16777216	2	17	1.62131	6499.84
4096	16777216	2	18	1.65434	6500.79
4096	16777216	2	19	1.59773	6494.49
4096	16777216	3	0	1.2446	6498.72
4096	16777216	3	1	1.23545	6497.47
4096	16777216	3	2	1.24098	6497.2
4096	16777216	3	3	1.21094	6497.82
4096	16777216	3	4	1.24002	6498.73
4096	16777216	3	5	1.24391	6499.63
4096	16777216	3	6	1.2208	6500.25
4096	16777216	3	7	1.25029	6500.41
4096	16777216	3	8	1.23745	6496.24
4096	16777216	3	9	1.21709	6498.11
4096	16777216	3	10	1.21882	6500.39
4096	16777216	3	11	1.23807	6498.26
4096	16777216	3	12	1.23349	6497.35
4096	16777216	3	13	1.24551	6496.82
4096	16777216	3	14	1.21197	6497.82
4096	16777216	3	15	1.23035	6496.98
4096	16777216	3	16	1.21588	6498.8
4096	16777216	3	17	1.22361	6496.61
4096	16777216	3	18	1.22693	6497.36
4096	16777216	3	19	1.20678	6499.12
4096	16777216	4	0	1.03911	6499.79
4096	16777216	4	1	1.0049	6498.71
4096	16777216	4	2	1.04071	6499.66
4096	16777216	4	3	1.00213	6498.81
4096	16777216	4	4	1.00494	6500.53
4096	16777216	4	5	1.00589	6500.72
4096	16777216	4	6	1.04285	6499.62
4096	16777216	4	7	1.00762	6495.77
4096	16777216	4	8	1.00551	6499.36
4096	16777216	4	9	1.00103	6496.79
4096	16777216	4	10	1.03378	6495.25
4096	16777216	4	11	1.0057	6495.44
4096	16777216	4	12	1.03958	6499.74
4096	16777216	4	13	1.02241	6499.26
4096	16777216	4	14	1.01775	6497.76
4096	16777216	4	15	1.00886	6499.82
4096	16777216	4	16	1.03437	6498.77
4096	16777216	4	17	1.00822	6498.71
4096	16777216	4	18	1.00611	6496.07
4096	16777216	4	19	1.00908	6499.74
4096	16777216	5	0	0.877627	6498.74
4096	16777216	5	1	0.901234	6498.8
4096	16777216	5	2	0.920447	6495.88
4096	16777216	5	3	0.887947	6492.74
4096	16777216	5	4	0.928409	6499.35
4096	16777216	5	5	0.908234	6500.11
4096	16777216	5	6	0.88061	6496.85
4096	16777216	5	7	0.89636	6499.59
4096	16777216	5	8	0.868843	6493.72
4096	16777216	5	9	0.898244	6498.74
4096	16777216	5	10	0.931733	6498.61
4096	16777216	5	11	0.90406	6500.69
4096	16777216	5	12	0.898469	6497.56
4096	16777216	5	13	0.921528	6498.81
4096	16777216	5	14	0.896028	6498.82
4096	16777216	5	15	0.890229	6499.33
4096	16777216	5	16	0.891507	6494.77
4096	16777216	5	17	0.899882	6497.33
4096	16777216	5	18	0.902153	6499.6
4096	16777216	5	19	0.930209	6500.04
4096	16777216	6	0	0.850753	6497.75
4096	16777216	6	1	0.797484	6497.76
4096	16777216	6	2	0.807242	6499.61
4096	16777216	6	3	0.808915	6502.78
4096	16777216	6	4	0.865025	6497.96
4096	16777216	6	5	0.826073	6497.77
4096	16777216	6	6	0.828994	6499.81
4096	16777216	6	7	0.80018	6497.73
4096	16777216	6	8	0.860746	6499.37
4096	16777216	6	9	0.840519	6501.8
4096	16777216	6	10	0.858139	6497.37
4096	16777216	6	11	0.829743	6497.77
4096	16777216	6	12	0.822497	6496.67
4096	16777216	6	13	0.83171	6500.71
4096	16777216	6	14	0.826382	6499.63
4096	16777216	6	15	0.800316	6497.82
4096	16777216	6	16	0.808152	6500.85
4096	16777216	6	17	0.831123	6500.06
4096	16777216	6	18	0.799025	6499.76
4096	16777216	6	19	0.821425	6497.12
4096	16777216	7	0	0.829042	6502.73
4096	16777216	7	1	0.819439	6499.75
4096	16777216	7	2	0.775641	6497.75
4096	16777216	7	3	0.748372	6497.02
4096	16777216	7	4	0.823969	6498.13
4096	16777216	7	5	0.825863	6500.77
4096	16777216	7	6	0.745944	6499.78
4096	16777216	7	7	0.823812	6499.66
4096	16777216	7	8	0.831674	6499.73
4096	16777216	7	9	0.754547	6500.79
4096	16777216	7	10	0.751243	6496.56
4096	16777216	7	11	0.82033	6499.82
4096	16777216	7	12	0.75248	6499.82
4096	16777216	7	13	0.820431	6498.77
4096	16777216	7	14	0.750712	6498.78
4096	16777216	7	15	0.759896	6504.68
4096	16777216	7	16	0.745608	6496.79
4096	16777216	7	17	0.823861	6499.42
4096	16777216	7	18	0.827143	6499.93
4096	16777216	7	19	0.821243	6499.84
4096	16777216	8	0	0.724574	6496.68
4096	16777216	8	1	0.767872	6500.2
4096	16777216	8	2	0.820687	6497.15
4096	16777216	8	3	0.716	6497.36
4096	16777216	8	4	0.820018	6499.8
4096	16777216	8	5	0.708663	6497.64
4096	16777216	8	6	0.808732	6499.77
4096	16777216	8	7	0.702814	6498.67
4096	16777216	8	8	0.759025	6498.74
4096	16777216	8	9	0.712019	6493.6
4096	16777216	8	10	0.810198	6499.55
4096	16777216	8	11	0.722548	6501.67
4096	16777216	8	12	0.806427	6498.77
4096	16777216	8	13	0.764252	6498.71
4096	16777216	8	14	0.713099	6499.7
4096	16777216	8	15	0.762454	6496.77
4096	16777216	8	16	0.829656	6494.16
4096	16777216	8	17	0.71373	6496.96
4096	16777216	8	18	0.819734	6500.72
4096	16777216	8	19	0.762436	6498.8
