n	n*n	#proc	run	time [s]	distance
128	16384	1	0	0.002647	415.812
128	16384	1	1	0.002636	415.812
128	16384	1	2	0.002628	415.812
128	16384	1	3	0.002635	415.812
128	16384	1	4	0.002642	415.812
128	16384	1	5	0.002629	415.812
128	16384	1	6	0.002626	415.812
128	16384	1	7	0.002636	415.812
128	16384	1	8	0.002631	415.812
128	16384	1	9	0.002626	415.812
128	16384	1	10	0.002639	415.812
128	16384	1	11	0.002634	415.812
128	16384	1	12	0.002624	415.812
128	16384	1	13	0.002626	415.812
128	16384	1	14	0.002636	415.812
128	16384	1	15	0.002638	415.812
128	16384	1	16	0.002627	415.812
128	16384	1	17	0.002637	415.812
128	16384	1	18	0.002632	415.812
128	16384	1	19	0.002631	415.812
128	16384	2	0	0.004138	415.284
128	16384	2	1	0.003918	416.565
128	16384	2	2	0.004009	416.295
128	16384	2	3	0.003865	414.16
128	16384	2	4	0.003966	414.823
128	16384	2	5	0.003895	417.324
128	16384	2	6	0.003984	415.8
128	16384	2	7	0.003955	415.602
128	16384	2	8	0.003947	417.505
128	16384	2	9	0.00394	414.841
128	16384	2	10	0.003876	414.433
128	16384	2	11	0.003929	415.687
128	16384	2	12	0.003934	414.673
128	16384	2	13	0.003855	414.791
128	16384	2	14	0.003947	416.361
128	16384	2	15	0.004012	416.688
128	16384	2	16	0.003905	414.791
128	16384	2	17	0.003973	416.846
128	16384	2	18	0.00375	414.707
128	16384	2	19	0.003833	416.305
128	16384	3	0	0.00419	414.798
128	16384	3	1	0.003998	414.849
128	16384	3	2	0.004034	417.16
128	16384	3	3	0.004021	415.803
128	16384	3	4	0.004003	415.478
128	16384	3	5	0.004053	415.155
128	16384	3	6	0.004073	415.798
128	16384	3	7	0.003926	416.534
128	16384	3	8	0.004012	414.868
128	16384	3	9	0.004103	415.826
128	16384	3	10	0.003986	414.837
128	16384	3	11	0.004019	416.558
128	16384	3	12	0.00412	416.427
128	16384	3	13	0.003983	415.527
128	16384	3	14	0.004074	415.86
128	16384	3	15	0.004068	415.749
128	16384	3	16	0.004147	416.771
128	16384	3	17	0.004085	414.857
128	16384	3	18	0.004129	417.281
128	16384	3	19	0.004126	416.743
128	16384	4	0	0.004171	415.464
128	16384	4	1	0.004161	413.846
128	16384	4	2	0.004143	416.31
128	16384	4	3	0.004065	414.826
128	16384	4	4	0.004024	415.863
128	16384	4	5	0.004114	416.869
128	16384	4	6	0.00408	413.863
128	16384	4	7	0.004218	415.685
128	16384	4	8	0.004118	416.789
128	16384	4	9	0.0041	417.295
128	16384	4	10	0.004117	414.142
128	16384	4	11	0.004071	415.668
128	16384	4	12	0.004032	415.854
128	16384	4	13	0.004143	416.017
128	16384	4	14	0.004068	415.741
128	16384	4	15	0.004171	416.316
128	16384	4	16	0.004095	415.746
128	16384	4	17	0.004064	416.827
128	16384	4	18	0.004144	417.573
128	16384	4	19	0.004073	416.842
128	16384	5	0	0.004177	416.345
128	16384	5	1	0.004153	415.648
128	16384	5	2	0.004107	415.279
128	16384	5	3	0.004228	416.838
128	16384	5	4	0.004238	413.981
128	16384	5	5	0.004342	417.863
128	16384	5	6	0.004283	416.825
128	16384	5	7	0.004281	416.346
128	16384	5	8	0.004265	416.804
128	16384	5	9	0.004205	414.867
128	16384	5	10	0.004189	415.445
128	16384	5	11	0.004241	415.53
128	16384	5	12	0.00426	416.446
128	16384	5	13	0.004315	416.549
128	16384	5	14	0.004239	414.827
128	16384	5	15	0.004204	416.85
128	16384	5	16	0.004259	415.673
128	16384	5	17	0.004087	415.841
128	16384	5	18	0.004512	418.36
128	16384	5	19	0.004165	415.35
128	16384	6	0	0.004433	414.597
128	16384	6	1	0.00427	416.527
128	16384	6	2	0.004259	414.863
128	16384	6	3	0.004362	417.801
128	16384	6	4	0.004262	415.752
128	16384	6	5	0.00429	414.568
128	16384	6	6	0.004334	416.45
128	16384	6	7	0.004279	415.679
128	16384	6	8	0.004186	417.501
128	16384	6	9	0.004239	415.687
128	16384	6	10	0.004283	415.725
128	16384	6	11	0.004207	416.818
128	16384	6	12	0.00429	416.84
128	16384	6	13	0.004179	414.814
128	16384	6	14	0.004221	415.788
128	16384	6	15	0.004343	418.829
128	16384	6	16	0.004223	416.465
128	16384	6	17	0.004257	415.58
128	16384	6	18	0.004312	415.833
128	16384	6	19	0.004365	415.289
128	16384	7	0	0.004439	417.43
128	16384	7	1	0.004323	416.316
128	16384	7	2	0.004389	417.037
128	16384	7	3	0.00437	417.336
128	16384	7	4	0.0043	415.7
128	16384	7	5	0.004279	416.354
128	16384	7	6	0.004239	416.509
128	16384	7	7	0.004227	415.537
128	16384	7	8	0.004475	416.614
128	16384	7	9	0.004326	415.161
128	16384	7	10	0.004497	416.847
128	16384	7	11	0.00439	416.831
128	16384	7	12	0.004481	416.331
128	16384	7	13	0.004366	415.844
128	16384	7	14	0.004438	416.801
128	16384	7	15	0.004305	415.431
128	16384	7	16	0.004339	415.501
128	16384	7	17	0.004325	414.863
128	16384	7	18	0.004332	417.566
128	16384	7	19	0.004508	415.853
128	16384	8	0	0.00441	415.806
128	16384	8	1	0.00481	416.691
128	16384	8	2	0.004285	416.984
128	16384	8	3	0.004587	416.008
128	16384	8	4	0.004486	415.806
128	16384	8	5	0.004476	414.675
128	16384	8	6	0.004528	415.513
128	16384	8	7	0.00451	416.429
128	16384	8	8	0.004627	416.839
128	16384	8	9	0.004468	415.802
128	16384	8	10	0.004722	416.833
128	16384	8	11	0.004627	418.254
128	16384	8	12	0.004397	415.724
128	16384	8	13	0.004648	414.838
128	16384	8	14	0.004429	416.773
128	16384	8	15	0.004725	417.834
128	16384	8	16	0.004501	417.571
128	16384	8	17	0.004645	416.795
128	16384	8	18	0.004732	416.444
128	16384	8	19	0.004574	417.769
256	65536	1	0	0.010275	819.496
256	65536	1	1	0.010267	819.496
256	65536	1	2	0.010261	819.496
256	65536	1	3	0.010274	819.496
256	65536	1	4	0.010276	819.496
256	65536	1	5	0.010262	819.496
256	65536	1	6	0.010264	819.496
256	65536	1	7	0.010249	819.496
256	65536	1	8	0.010266	819.496
256	65536	1	9	0.010282	819.496
256	65536	1	10	0.010262	819.496
256	65536	1	11	0.010252	819.496
256	65536	1	12	0.010259	819.496
256	65536	1	13	0.010254	819.496
256	65536	1	14	0.010255	819.496
256	65536	1	15	0.01027	819.496
256	65536	1	16	0.010251	819.496
256	65536	1	17	0.010258	819.496
256	65536	1	18	0.010257	819.496
256	65536	1	19	0.010258	819.496
256	65536	2	0	0.012754	818.498
256	65536	2	1	0.012037	819.314
256	65536	2	2	0.012022	817.545
256	65536	2	3	0.012124	818.593
256	65536	2	4	0.011964	819.462
256	65536	2	5	0.011778	819.336
256	65536	2	6	0.012089	818.934
256	65536	2	7	0.012026	819.595
256	65536	2	8	0.01209	819.827
256	65536	2	9	0.012214	819.494
256	65536	2	10	0.012052	819.356
256	65536	2	11	0.012127	820.405
256	65536	2	12	0.012167	819.624
256	65536	2	13	0.012099	819.349
256	65536	2	14	0.012145	820.423
256	65536	2	15	0.012116	819.296
256	65536	2	16	0.012181	819.124
256	65536	2	17	0.01209	818.396
256	65536	2	18	0.011982	819.571
256	65536	2	19	0.012044	819.324
256	65536	3	0	0.011961	821.619
256	65536	3	1	0.011782	819.51
256	65536	3	2	0.01179	821.225
256	65536	3	3	0.011646	818.477
256	65536	3	4	0.011699	820.481
256	65536	3	5	0.011572	818.511
256	65536	3	6	0.011631	819.528
256	65536	3	7	0.011646	821.312
256	65536	3	8	0.011591	818.622
256	65536	3	9	0.011751	819.249
256	65536	3	10	0.011448	819.485
256	65536	3	11	0.011769	818.451
256	65536	3	12	0.011656	820.494
256	65536	3	13	0.011683	817.29
256	65536	3	14	0.01164	818.451
256	65536	3	15	0.011762	818.639
256	65536	3	16	0.011613	820.784
256	65536	3	17	0.011853	820.218
256	65536	3	18	0.011575	819.501
256	65536	3	19	0.011598	819.771
256	65536	4	0	0.011588	820.145
256	65536	4	1	0.011389	820.775
256	65536	4	2	0.011305	818.916
256	65536	4	3	0.011588	818.452
256	65536	4	4	0.011189	817.519
256	65536	4	5	0.011622	819.818
256	65536	4	6	0.011631	817.498
256	65536	4	7	0.011541	820.51
256	65536	4	8	0.011343	819.759
256	65536	4	9	0.011793	818.377
256	65536	4	10	0.01153	819.537
256	65536	4	11	0.01167	819.361
256	65536	4	12	0.011582	819.073
256	65536	4	13	0.011522	821.321
256	65536	4	14	0.011635	820.596
256	65536	4	15	0.011418	818.493
256	65536	4	16	0.011704	820.66
256	65536	4	17	0.011632	819.664
256	65536	4	18	0.011395	818.404
256	65536	4	19	0.011483	820.648
256	65536	5	0	0.011527	820.477
256	65536	5	1	0.011243	817.482
256	65536	5	2	0.011496	821.144
256	65536	5	3	0.011211	819.477
256	65536	5	4	0.01113	821.484
256	65536	5	5	0.011401	819.782
256	65536	5	6	0.011462	817.857
256	65536	5	7	0.011402	820.422
256	65536	5	8	0.011187	819.299
256	65536	5	9	0.011253	819.528
256	65536	5	10	0.011369	818.657
256	65536	5	11	0.011445	819.151
256	65536	5	12	0.011324	819.33
256	65536	5	13	0.011211	819.58
256	65536	5	14	0.011419	818.97
256	65536	5	15	0.011175	816.449
256	65536	5	16	0.011216	818.3
256	65536	5	17	0.01129	819.491
256	65536	5	18	0.011481	819.156
256	65536	5	19	0.011095	819.72
256	65536	6	0	0.011352	818.624
256	65536	6	1	0.011199	820.245
256	65536	6	2	0.0113	821.514
256	65536	6	3	0.011293	818.463
256	65536	6	4	0.011342	816.493
256	65536	6	5	0.011032	818.476
256	65536	6	6	0.011141	820.692
256	65536	6	7	0.010904	819.577
256	65536	6	8	0.011015	819.712
256	65536	6	9	0.01095	819.791
256	65536	6	10	0.011004	818.338
256	65536	6	11	0.010726	818.481
256	65536	6	12	0.010972	821.046
256	65536	6	13	0.011088	819.887
256	65536	6	14	0.010884	818.352
256	65536	6	15	0.011252	820.539
256	65536	6	16	0.011208	817.552
256	65536	6	17	0.01143	820.529
256	65536	6	18	0.011314	820.03
256	65536	6	19	0.011283	821.969
256	65536	7	0	0.011315	820.955
256	65536	7	1	0.011263	819.503
256	65536	7	2	0.011	822.335
256	65536	7	3	0.011019	820.736
256	65536	7	4	0.011119	819.994
256	65536	7	5	0.011083	821.419
256	65536	7	6	0.011014	819.566
256	65536	7	7	0.011735	820.369
256	65536	7	8	0.011281	819.444
256	65536	7	9	0.011417	818.954
256	65536	7	10	0.011115	820.283
256	65536	7	11	0.011386	820.576
256	65536	7	12	0.011418	818.111
256	65536	7	13	0.011242	819.154
256	65536	7	14	0.01099	818.946
256	65536	7	15	0.010946	819.426
256	65536	7	16	0.011159	820.899
256	65536	7	17	0.01116	819.397
256	65536	7	18	0.011135	819.481
256	65536	7	19	0.011434	819.519
256	65536	8	0	0.0118	821.688
256	65536	8	1	0.011426	820.454
256	65536	8	2	0.011299	821.337
256	65536	8	3	0.01139	819.333
256	65536	8	4	0.011431	821.354
256	65536	8	5	0.011551	821.819
256	65536	8	6	0.011139	818.398
256	65536	8	7	0.010938	821.801
256	65536	8	8	0.011316	819.473
256	65536	8	9	0.011225	819.792
256	65536	8	10	0.011253	820.492
256	65536	8	11	0.011358	821.232
256	65536	8	12	0.011304	820.573
256	65536	8	13	0.011401	819.047
256	65536	8	14	0.011113	820.656
256	65536	8	15	0.011527	820.673
256	65536	8	16	0.011531	818.579
256	65536	8	17	0.011331	819.515
256	65536	8	18	0.011395	819.768
256	65536	8	19	0.011518	819.323
512	262144	1	0	0.070081	1633.15
512	262144	1	1	0.070088	1633.15
512	262144	1	2	0.070133	1633.15
512	262144	1	3	0.070177	1633.15
512	262144	1	4	0.070096	1633.15
512	262144	1	5	0.07014	1633.15
512	262144	1	6	0.070103	1633.15
512	262144	1	7	0.070151	1633.15
512	262144	1	8	0.070181	1633.15
512	262144	1	9	0.070148	1633.15
512	262144	1	10	0.070221	1633.15
512	262144	1	11	0.07009	1633.15
512	262144	1	12	0.070405	1633.15
512	262144	1	13	0.070128	1633.15
512	262144	1	14	0.070066	1633.15
512	262144	1	15	0.070209	1633.15
512	262144	1	16	0.070244	1633.15
512	262144	1	17	0.070165	1633.15
512	262144	1	18	0.070195	1633.15
512	262144	1	19	0.070221	1633.15
512	262144	2	0	0.052834	1632.69
512	262144	2	1	0.052783	1634.99
512	262144	2	2	0.052653	1634.14
512	262144	2	3	0.052379	1634.85
512	262144	2	4	0.051512	1632.62
512	262144	2	5	0.052351	1635.75
512	262144	2	6	0.052354	1634.19
512	262144	2	7	0.052228	1633.76
512	262144	2	8	0.052175	1636.11
512	262144	2	9	0.052276	1634.19
512	262144	2	10	0.052455	1634.12
512	262144	2	11	0.052484	1633.2
512	262144	2	12	0.051985	1630.14
512	262144	2	13	0.052243	1634.79
512	262144	2	14	0.052015	1634.63
512	262144	2	15	0.052074	1633.42
512	262144	2	16	0.052067	1632.79
512	262144	2	17	0.052457	1634.08
512	262144	2	18	0.052393	1634.84
512	262144	2	19	0.052395	1632.73
512	262144	3	0	0.044558	1632.76
512	262144	3	1	0.04478	1632.16
512	262144	3	2	0.045181	1635.14
512	262144	3	3	0.044927	1632.8
512	262144	3	4	0.044815	1632.76
512	262144	3	5	0.044572	1632.11
512	262144	3	6	0.045588	1636.84
512	262144	3	7	0.045317	1634.43
512	262144	3	8	0.045129	1633.84
512	262144	3	9	0.044172	1634.85
512	262144	3	10	0.044596	1635.76
512	262144	3	11	0.044012	1634.63
512	262144	3	12	0.044306	1636.86
512	262144	3	13	0.044158	1633.79
512	262144	3	14	0.044139	1634.8
512	262144	3	15	0.044672	1634.66
512	262144	3	16	0.04432	1632.63
512	262144	3	17	0.044886	1633.55
512	262144	3	18	0.044045	1632.77
512	262144	3	19	0.043918	1633.65
512	262144	4	0	0.040477	1633.43
512	262144	4	1	0.040747	1634.23
512	262144	4	2	0.040837	1636.23
512	262144	4	3	0.040658	1638.84
512	262144	4	4	0.040996	1632.44
512	262144	4	5	0.040758	1634.19
512	262144	4	6	0.041328	1635.27
512	262144	4	7	0.040647	1635.26
512	262144	4	8	0.040217	1636.14
512	262144	4	9	0.040441	1634.99
512	262144	4	10	0.040944	1632.83
512	262144	4	11	0.041025	1635.89
512	262144	4	12	0.04046	1632.3
512	262144	4	13	0.04038	1636
512	262144	4	14	0.040506	1635.87
512	262144	4	15	0.040768	1633.81
512	262144	4	16	0.040407	1635.14
512	262144	4	17	0.040334	1634.19
512	262144	4	18	0.040479	1634.65
512	262144	4	19	0.040142	1634.43
512	262144	5	0	0.039786	1632.77
512	262144	5	1	0.038797	1634.65
512	262144	5	2	0.038702	1633.7
512	262144	5	3	0.039103	1636.21
512	262144	5	4	0.038603	1634.55
512	262144	5	5	0.038535	1634.15
512	262144	5	6	0.038636	1632.27
512	262144	5	7	0.039849	1636.85
512	262144	5	8	0.038605	1632.29
512	262144	5	9	0.038607	1633.03
512	262144	5	10	0.038376	1635.07
512	262144	5	11	0.037703	1633.54
512	262144	5	12	0.037777	1632.84
512	262144	5	13	0.038075	1634.43
512	262144	5	14	0.037956	1634.89
512	262144	5	15	0.03819	1632.2
512	262144	5	16	0.038035	1634.22
512	262144	5	17	0.038445	1635.15
512	262144	5	18	0.038241	1635.2
512	262144	5	19	0.039251	1635.43
512	262144	6	0	0.03715	1634.62
512	262144	6	1	0.037041	1635.16
512	262144	6	2	0.0375	1634.85
512	262144	6	3	0.037445	1636.26
512	262144	6	4	0.037814	1635.88
512	262144	6	5	0.037666	1634.89
512	262144	6	6	0.037717	1634.16
512	262144	6	7	0.036717	1633.87
512	262144	6	8	0.036792	1636.61
512	262144	6	9	0.036931	1635.88
512	262144	6	10	0.036947	1634.91
512	262144	6	11	0.036611	1635.87
512	262144	6	12	0.036822	1631.91
512	262144	6	13	0.036479	1634.16
512	262144	6	14	0.036132	1634.54
512	262144	6	15	0.035856	1632.39
512	262144	6	16	0.036783	1635.67
512	262144	6	17	0.035908	1634.66
512	262144	6	18	0.036204	1634.75
512	262144	6	19	0.037042	1632.9
512	262144	7	0	0.037271	1631.44
512	262144	7	1	0.035528	1633.79
512	262144	7	2	0.037605	1634.72
512	262144	7	3	0.037196	1635.96
512	262144	7	4	0.037059	1632.85
512	262144	7	5	0.036092	1636.14
512	262144	7	6	0.035668	1634.88
512	262144	7	7	0.036059	1636.21
512	262144	7	8	0.035741	1634.91
512	262144	7	9	0.035366	1636.6
512	262144	7	10	0.035053	1635.79
512	262144	7	11	0.036907	1634.63
512	262144	7	12	0.03707	1635.92
512	262144	7	13	0.036643	1634.21
512	262144	7	14	0.035984	1633.4
512	262144	7	15	0.03623	1635.14
512	262144	7	16	0.036142	1633.57
512	262144	7	17	0.03608	1635.01
512	262144	7	18	0.036283	1634.29
512	262144	7	19	0.037015	1633.98
512	262144	8	0	0.036359	1632.98
512	262144	8	1	0.036643	1633.61
512	262144	8	2	0.037257	1635.16
512	262144	8	3	0.036095	1634.15
512	262144	8	4	0.036159	1633.09
512	262144	8	5	0.03484	1632.82
512	262144	8	6	0.0343	1635.06
512	262144	8	7	0.034351	1634.43
512	262144	8	8	0.035029	1633.88
512	262144	8	9	0.034356	1634.29
512	262144	8	10	0.035639	1634.16
512	262144	8	11	0.036208	1636.84
512	262144	8	12	0.035714	1634.75
512	262144	8	13	0.034798	1633.27
512	262144	8	14	0.035156	1631.75
512	262144	8	15	0.034016	1632.18
512	262144	8	16	0.034688	1635.22
512	262144	8	17	0.034798	1635.35
512	262144	8	18	0.034652	1633.99
512	262144	8	19	0.034368	1632.78
1024	1048576	1	0	0.296004	3263.88
1024	1048576	1	1	0.295609	3263.88
1024	1048576	1	2	0.295496	3263.88
1024	1048576	1	3	0.29562	3263.88
1024	1048576	1	4	0.295568	3263.88
1024	1048576	1	5	0.295632	3263.88
1024	1048576	1	6	0.295522	3263.88
1024	1048576	1	7	0.295491	3263.88
1024	1048576	1	8	0.295862	3263.88
1024	1048576	1	9	0.295687	3263.88
1024	1048576	1	10	0.295926	3263.88
1024	1048576	1	11	0.295633	3263.88
1024	1048576	1	12	0.295835	3263.88
1024	1048576	1	13	0.29561	3263.88
1024	1048576	1	14	0.29594	3263.88
1024	1048576	1	15	0.295865	3263.88
1024	1048576	1	16	0.295723	3263.88
1024	1048576	1	17	0.295781	3263.88
1024	1048576	1	18	0.295788	3263.88
1024	1048576	1	19	0.295736	3263.88
1024	1048576	2	0	0.199996	3264.1
1024	1048576	2	1	0.199934	3261.12
1024	1048576	2	2	0.200217	3261.39
1024	1048576	2	3	0.199586	3260.68
1024	1048576	2	4	0.19908	3261.89
1024	1048576	2	5	0.198134	3261.42
1024	1048576	2	6	0.197618	3261.45
1024	1048576	2	7	0.200611	3259.46
1024	1048576	2	8	0.200431	3261.92
1024	1048576	2	9	0.197997	3257.86
1024	1048576	2	10	0.197535	3260.41
1024	1048576	2	11	0.198346	3262.8
1024	1048576	2	12	0.198177	3261.95
1024	1048576	2	13	0.198051	3260.44
1024	1048576	2	14	0.198095	3258.44
1024	1048576	2	15	0.198249	3258.85
1024	1048576	2	16	0.198196	3260.92
1024	1048576	2	17	0.201608	3262.93
1024	1048576	2	18	0.199418	3256.4
1024	1048576	2	19	0.201646	3261.42
1024	1048576	3	0	0.159717	3262.73
1024	1048576	3	1	0.159445	3261.75
1024	1048576	3	2	0.160334	3260.41
1024	1048576	3	3	0.159854	3261.12
1024	1048576	3	4	0.159796	3260.45
1024	1048576	3	5	0.15925	3260.1
1024	1048576	3	6	0.159303	3265.91
1024	1048576	3	7	0.159128	3260.89
1024	1048576	3	8	0.159784	3260.05
1024	1048576	3	9	0.159717	3261.92
1024	1048576	3	10	0.159114	3260.92
1024	1048576	3	11	0.160201	3261.64
1024	1048576	3	12	0.160113	3260.93
1024	1048576	3	13	0.159276	3260.72
1024	1048576	3	14	0.159425	3263.28
1024	1048576	3	15	0.159789	3260.66
1024	1048576	3	16	0.15973	3262.82
1024	1048576	3	17	0.160199	3262.89
1024	1048576	3	18	0.159694	3259.42
1024	1048576	3	19	0.159907	3263.61
1024	1048576	4	0	0.140294	3259.67
1024	1048576	4	1	0.14017	3261.41
1024	1048576	4	2	0.140071	3259.89
1024	1048576	4	3	0.141036	3260.13
1024	1048576	4	4	0.139825	3261.58
1024	1048576	4	5	0.140847	3266.11
1024	1048576	4	6	0.139335	3257.39
1024	1048576	4	7	0.139227	3259.72
1024	1048576	4	8	0.140893	3262.11
1024	1048576	4	9	0.142784	3260.81
1024	1048576	4	10	0.141858	3259.93
1024	1048576	4	11	0.143126	3265.86
1024	1048576	4	12	0.138541	3259.45
1024	1048576	4	13	0.139045	3258.9
1024	1048576	4	14	0.139753	3260.93
1024	1048576	4	15	0.142707	3265.28
1024	1048576	4	16	0.141999	3263.69
1024	1048576	4	17	0.140394	3264.95
1024	1048576	4	18	0.139716	3263.13
1024	1048576	4	19	0.139183	3260.92
1024	1048576	5	0	0.130483	3257.91
1024	1048576	5	1	0.128481	3259.94
1024	1048576	5	2	0.127031	3260.4
1024	1048576	5	3	0.126682	3260.55
1024	1048576	5	4	0.12838	3260.87
1024	1048576	5	5	0.128415	3261.45
1024	1048576	5	6	0.127897	3258.4
1024	1048576	5	7	0.128879	3259.71
1024	1048576	5	8	0.127422	3262.73
1024	1048576	5	9	0.126211	3257.69
1024	1048576	5	10	0.128534	3264.45
1024	1048576	5	11	0.128343	3259.73
1024	1048576	5	12	0.129228	3261.75
1024	1048576	5	13	0.127131	3258.67
1024	1048576	5	14	0.128356	3262.95
1024	1048576	5	15	0.126955	3260.57
1024	1048576	5	16	0.128769	3263.86
1024	1048576	5	17	0.129154	3263.66
1024	1048576	5	18	0.127714	3261.88
1024	1048576	5	19	0.126429	3259.91
1024	1048576	6	0	0.118707	3260.89
1024	1048576	6	1	0.119844	3259.74
1024	1048576	6	2	0.118095	3259.85
1024	1048576	6	3	0.123346	3260.86
1024	1048576	6	4	0.121002	3260.9
1024	1048576	6	5	0.120915	3259.65
1024	1048576	6	6	0.118761	3261.76
1024	1048576	6	7	0.119758	3265.68
1024	1048576	6	8	0.11783	3259.68
1024	1048576	6	9	0.123481	3260.71
1024	1048576	6	10	0.120452	3261.77
1024	1048576	6	11	0.121057	3262.03
1024	1048576	6	12	0.120823	3259.37
1024	1048576	6	13	0.12385	3261.12
1024	1048576	6	14	0.123398	3260.92
1024	1048576	6	15	0.123785	3261.56
1024	1048576	6	16	0.121798	3262.46
1024	1048576	6	17	0.119872	3262.79
1024	1048576	6	18	0.118438	3259.82
1024	1048576	6	19	0.119066	3261.93
1024	1048576	7	0	0.117864	3266.4
1024	1048576	7	1	0.114779	3259.1
1024	1048576	7	2	0.117118	3260.9
1024	1048576	7	3	0.11312	3261.72
1024	1048576	7	4	0.113574	3261.85
1024	1048576	7	5	0.116655	3259.91
1024	1048576	7	6	0.1142	3261.86
1024	1048576	7	7	0.111763	3255.39
1024	1048576	7	8	0.114675	3263.69
1024	1048576	7	9	0.115904	3262.72
1024	1048576	7	10	0.115249	3261.58
1024	1048576	7	11	0.115272	3263.66
1024	1048576	7	12	0.113817	3259.1
1024	1048576	7	13	0.116548	3260.68
1024	1048576	7	14	0.115334	3261.13
1024	1048576	7	15	0.114373	3259.89
1024	1048576	7	16	0.11392	3260.67
1024	1048576	7	17	0.112945	3262.81
1024	1048576	7	18	0.117002	3261.91
1024	1048576	7	19	0.113821	3258.04
1024	1048576	8	0	0.111316	3264.92
1024	1048576	8	1	0.11259	3258.59
1024	1048576	8	2	0.113091	3264.9
1024	1048576	8	3	0.112454	3264.39
1024	1048576	8	4	0.114499	3263.36
1024	1048576	8	5	0.110896	3263.61
1024	1048576	8	6	0.109026	3260.87
1024	1048576	8	7	0.112223	3261.87
1024	1048576	8	8	0.113807	3263.77
1024	1048576	8	9	0.118427	3260.7
1024	1048576	8	10	0.116043	3260.95
1024	1048576	8	11	0.112621	3260.03
1024	1048576	8	12	0.110868	3262.45
1024	1048576	8	13	0.109361	3259.68
1024	1048576	8	14	0.108709	3258.91
1024	1048576	8	15	0.117133	3264.95
1024	1048576	8	16	0.116325	3263.55
1024	1048576	8	17	0.1171	3261.67
1024	1048576	8	18	0.113907	3259.13
1024	1048576	8	19	0.112032	3259.94
2048	4194304	1	0	1.22191	6516.64
2048	4194304	1	1	1.22193	6516.64
2048	4194304	1	2	1.22158	6516.64
2048	4194304	1	3	1.22181	6516.64
2048	4194304	1	4	1.22135	6516.64
2048	4194304	1	5	1.22255	6516.64
2048	4194304	1	6	1.22267	6516.64
2048	4194304	1	7	1.22138	6516.64
2048	4194304	1	8	1.22104	6516.64
2048	4194304	1	9	1.22129	6516.64
2048	4194304	1	10	1.22174	6516.64
2048	4194304	1	11	1.22268	6516.64
2048	4194304	1	12	1.22144	6516.64
2048	4194304	1	13	1.22151	6516.64
2048	4194304	1	14	1.22168	6516.64
2048	4194304	1	15	1.22292	6516.64
2048	4194304	1	16	1.2213	6516.64
2048	4194304	1	17	1.22178	6516.64
2048	4194304	1	18	1.22022	6516.64
2048	4194304	1	19	1.22199	6516.64
2048	4194304	2	0	0.786517	6515.71
2048	4194304	2	1	0.78592	6514.74
2048	4194304	2	2	0.785953	6516.75
2048	4194304	2	3	0.784876	6513.57
2048	4194304	2	4	0.785879	6515.75
2048	4194304	2	5	0.785246	6518.75
2048	4194304	2	6	0.786721	6518.57
2048	4194304	2	7	0.789013	6516.95
2048	4194304	2	8	0.789089	6518.84
2048	4194304	2	9	0.787066	6516.69
2048	4194304	2	10	0.796878	6514.51
2048	4194304	2	11	0.782876	6511.73
2048	4194304	2	12	0.785341	6515.51
2048	4194304	2	13	0.789196	6518.65
2048	4194304	2	14	0.795089	6515.71
2048	4194304	2	15	0.791367	6522.04
2048	4194304	2	16	0.797384	6516.76
2048	4194304	2	17	0.788473	6518.69
2048	4194304	2	18	0.788432	6517.79
2048	4194304	2	19	0.788489	6516.76
2048	4194304	3	0	0.610972	6518.3
2048	4194304	3	1	0.612805	6518.49
2048	4194304	3	2	0.611933	6513.93
2048	4194304	3	3	0.611102	6516.73
2048	4194304	3	4	0.623071	6518.73
2048	4194304	3	5	0.612122	6515.21
2048	4194304	3	6	0.614372	6517.67
2048	4194304	3	7	0.62433	6517.41
2048	4194304	3	8	0.620568	6513.77
2048	4194304	3	9	0.61438	6520.39
2048	4194304	3	10	0.614684	6516.02
2048	4194304	3	11	0.614926	6519.79
2048	4194304	3	12	0.624221	6518.74
2048	4194304	3	13	0.618965	6512.5
2048	4194304	3	14	0.624172	6517.63
2048	4194304	3	15	0.612276	6515.76
2048	4194304	3	16	0.62238	6517.51
2048	4194304	3	17	0.621036	6517.78
2048	4194304	3	18	0.62363	6515.68
2048	4194304	3	19	0.615672	6520.17
2048	4194304	4	0	0.532564	6514.83
2048	4194304	4	1	0.523146	6513.71
2048	4194304	4	2	0.533672	6518.64
2048	4194304	4	3	0.522885	6515.39
2048	4194304	4	4	0.522624	6515.52
2048	4194304	4	5	0.523564	6516.9
2048	4194304	4	6	0.532974	6520.47
2048	4194304	4	7	0.522399	6519.77
2048	4194304	4	8	0.531918	6518.49
2048	4194304	4	9	0.523346	6519.46
2048	4194304	4	10	0.521781	6519.44
2048	4194304	4	11	0.521513	6515.81
2048	4194304	4	12	0.534175	6519.75
2048	4194304	4	13	0.520461	6517.46
2048	4194304	4	14	0.531335	6514.71
2048	4194304	4	15	0.521697	6516.57
2048	4194304	4	16	0.522425	6515.83
2048	4194304	4	17	0.523129	6516.57
2048	4194304	4	18	0.531877	6518.62
2048	4194304	4	19	0.521897	6514.03
2048	4194304	5	0	0.468052	6519.24
2048	4194304	5	1	0.477691	6520.47
2048	4194304	5	2	0.468107	6516.53
2048	4194304	5	3	0.467501	6517.71
2048	4194304	5	4	0.480861	6518.74
2048	4194304	5	5	0.467099	6515.74
2048	4194304	5	6	0.480662	6519.7
2048	4194304	5	7	0.464876	6513.98
2048	4194304	5	8	0.466774	6514.51
2048	4194304	5	9	0.467097	6516.55
2048	4194304	5	10	0.480329	6518.64
2048	4194304	5	11	0.479475	6522.42
2048	4194304	5	12	0.478985	6517.59
2048	4194304	5	13	0.466898	6517.75
2048	4194304	5	14	0.465835	6514.21
2048	4194304	5	15	0.467815	6516.99
2048	4194304	5	16	0.477904	6518.62
2048	4194304	5	17	0.468817	6517.83
2048	4194304	5	18	0.477179	6516.65
2048	4194304	5	19	0.466841	6514.7
2048	4194304	6	0	0.42996	6512.48
2048	4194304	6	1	0.428539	6517.47
2048	4194304	6	2	0.430672	6508.81
2048	4194304	6	3	0.436687	6521.3
2048	4194304	6	4	0.428595	6519.62
2048	4194304	6	5	0.433746	6518.55
2048	4194304	6	6	0.447708	6519.73
2048	4194304	6	7	0.426348	6517.74
2048	4194304	6	8	0.446326	6517.75
2048	4194304	6	9	0.435411	6515.56
2048	4194304	6	10	0.430731	6521.02
2048	4194304	6	11	0.42719	6516.51
2048	4194304	6	12	0.429618	6516.08
2048	4194304	6	13	0.435034	6517.65
2048	4194304	6	14	0.42863	6515.76
2048	4194304	6	15	0.429543	6519.26
2048	4194304	6	16	0.445379	6520.75
2048	4194304	6	17	0.427345	6518.56
2048	4194304	6	18	0.435019	6514.65
2048	4194304	6	19	0.428621	6517.7
2048	4194304	7	0	0.411152	6512.78
2048	4194304	7	1	0.404558	6515.04
2048	4194304	7	2	0.405371	6519.82
2048	4194304	7	3	0.425358	6519.49
2048	4194304	7	4	0.405072	6520.66
2048	4194304	7	5	0.404751	6517.03
2048	4194304	7	6	0.424112	6519.7
2048	4194304	7	7	0.412229	6518.43
2048	4194304	7	8	0.407471	6515.57
2048	4194304	7	9	0.426285	6518.18
2048	4194304	7	10	0.423628	6516.37
2048	4194304	7	11	0.423563	6514.25
2048	4194304	7	12	0.426914	6519.96
2048	4194304	7	13	0.403625	6517.57
2048	4194304	7	14	0.42501	6513.75
2048	4194304	7	15	0.425596	6517.54
2048	4194304	7	16	0.423662	6515.76
2048	4194304	7	17	0.422951	6517.7
2048	4194304	7	18	0.410711	6518.41
2048	4194304	7	19	0.403379	6515.64
2048	4194304	8	0	0.3997	6516.67
2048	4194304	8	1	0.384744	6519.76
2048	4194304	8	2	0.395598	6519.65
2048	4194304	8	3	0.383058	6517.66
2048	4194304	8	4	0.411957	6520.3
2048	4194304	8	5	0.394875	6518.52
2048	4194304	8	6	0.41011	6515.79
2048	4194304	8	7	0.398599	6517.8
2048	4194304	8	8	0.411379	6518.54
2048	4194304	8	9	0.382846	6519.64
2048	4194304	8	10	0.3936	6515.89
2048	4194304	8	11	0.384412	6512.83
2048	4194304	8	12	0.411711	6517.67
2048	4194304	8	13	0.394187	6516.84
2048	4194304	8	14	0.411983	6520.75
2048	4194304	8	15	0.386353	6518.26
2048	4194304	8	16	0.407942	6513.71
2048	4194304	8	17	0.395809	6520.04
2048	4194304	8	18	0.413708	6515.82
2048	4194304	8	19	0.383785	6516.82
4096	16777216	1	0	4.94578	13025.5
4096	16777216	1	1	4.94989	13025.5
4096	16777216	1	2	4.9448	13025.5
4096	16777216	1	3	4.94761	13025.5
4096	16777216	1	4	4.94968	13025.5
4096	16777216	1	5	4.94564	13025.5
4096	16777216	1	6	4.94875	13025.5
4096	16777216	1	7	4.94865	13025.5
4096	16777216	1	8	4.94489	13025.5
4096	16777216	1	9	4.95007	13025.5
4096	16777216	1	10	4.94854	13025.5
4096	16777216	1	11	4.94807	13025.5
4096	16777216	1	12	4.94405	13025.5
4096	16777216	1	13	4.94957	13025.5
4096	16777216	1	14	4.94398	13025.5
4096	16777216	1	15	4.94892	13025.5
4096	16777216	1	16	4.94459	13025.5
4096	16777216	1	17	4.94608	13025.5
4096	16777216	1	18	4.94376	13025.5
4096	16777216	1	19	4.94838	13025.5
4096	16777216	2	0	3.11801	13023.4
4096	16777216	2	1	3.11301	13018.1
4096	16777216	2	2	3.15215	13022.8
4096	16777216	2	3	3.11678	13026.4
4096	16777216	2	4	3.11904	13023.3
4096	16777216	2	5	3.11632	13024
4096	16777216	2	6	3.11917	13027.4
4096	16777216	2	7	3.1186	13023.3
4096	16777216	2	8	3.1627	13026.4
4096	16777216	2	9	3.11575	13022.4
4096	16777216	2	10	3.15594	13023.5
4096	16777216	2	11	3.12572	13030.4
4096	16777216	2	12	3.15549	13025.4
4096	16777216	2	13	3.11472	13022.4
4096	16777216	2	14	3.11911	13023.3
4096	16777216	2	15	3.11798	13025.3
4096	16777216	2	16	3.11168	13019.3
4096	16777216	2	17	3.12082	13025.3
4096	16777216	2	18	3.15675	13020.8
4096	16777216	2	19	3.11762	13023.5
4096	16777216	3	0	2.44258	13026.4
4096	16777216	3	1	2.4101	13023
4096	16777216	3	2	2.41134	13025
4096	16777216	3	3	2.40481	13021.3
4096	16777216	3	4	2.40046	13016.8
4096	16777216	3	5	2.44422	13026.2
4096	16777216	3	6	2.4415	13024.3
4096	16777216	3	7	2.40391	13023.4
4096	16777216	3	8	2.40735	13025.1
4096	16777216	3	9	2.40872	13023.3
4096	16777216	3	10	2.44588	13020.4
4096	16777216	3	11	2.40795	13025.4
4096	16777216	3	12	2.40768	13022
4096	16777216	3	13	2.40515	13023.4
4096	16777216	3	14	2.43932	13019.4
4096	16777216	3	15	2.4098	13027
4096	16777216	3	16	2.43916	13021.4
4096	16777216	3	17	2.44139	13017.4
4096	16777216	3	18	2.40977	13025.2
4096	16777216	3	19	2.446	13023.1
4096	16777216	4	0	2.07586	13021.3
4096	16777216	4	1	2.03434	13023
4096	16777216	4	2	2.08235	13023.4
4096	16777216	4	3	2.03766	13026.4
4096	16777216	4	4	2.07374	13022.1
4096	16777216	4	5	2.03703	13026.1
4096	16777216	4	6	2.03601	13026.2
4096	16777216	4	7	2.03707	13027.4
4096	16777216	4	8	2.03843	13023.1
4096	16777216	4	9	2.03732	13020.5
4096	16777216	4	10	2.07933	13025.2
4096	16777216	4	11	2.04343	13023.2
4096	16777216	4	12	2.07409	13023.2
4096	16777216	4	13	2.03483	13023.1
4096	16777216	4	14	2.03164	13022
4096	16777216	4	15	2.04003	13025.4
4096	16777216	4	16	2.03702	13027.5
4096	16777216	4	17	2.03891	13023.5
4096	16777216	4	18	2.07242	13024
4096	16777216	4	19	2.02895	13024.4
4096	16777216	5	0	1.82045	13029.2
4096	16777216	5	1	1.8126	13020.4
4096	16777216	5	2	1.8124	13023.5
4096	16777216	5	3	1.82783	13026.4
4096	16777216	5	4	1.81363	13021.4
4096	16777216	5	5	1.82021	13019.5
4096	16777216	5	6	1.81647	13025.7
4096	16777216	5	7	1.81523	13025.6
4096	16777216	5	8	1.8179	13027
4096	16777216	5	9	1.85973	13022.4
4096	16777216	5	10	1.85803	13022.4
4096	16777216	5	11	1.81191	13022.4
4096	16777216	5	12	1.8578	13024.1
4096	16777216	5	13	1.86422	13026.4
4096	16777216	5	14	1.82365	13025.4
4096	16777216	5	15	1.85614	13022.1
4096	16777216	5	16	1.84998	13022.4
4096	16777216	5	17	1.86328	13026.1
4096	16777216	5	18	1.81635	13025.7
4096	16777216	5	19	1.85161	13026.4
4096	16777216	6	0	1.7322	13023.5
4096	16777216	6	1	1.68529	13027.4
4096	16777216	6	2	1.72969	13023.4
4096	16777216	6	3	1.68754	13023.4
4096	16777216	6	4	1.72353	13019.1
4096	16777216	6	5	1.66306	13021.5
4096	16777216	6	6	1.66754	13017.7
4096	16777216	6	7	1.68239	13022.4
4096	16777216	6	8	1.72066	13023.3
4096	16777216	6	9	1.67008	13026.5
4096	16777216	6	10	1.71219	13019.3
4096	16777216	6	11	1.66659	13024.3
4096	16777216	6	12	1.67854	13023.5
4096	16777216	6	13	1.66553	13020.3
4096	16777216	6	14	1.6679	13020.1
4096	16777216	6	15	1.68092	13026.4
4096	16777216	6	16	1.66405	13020.3
4096	16777216	6	17	1.66088	13015.1
4096	16777216	6	18	1.6648	13021.4
4096	16777216	6	19	1.66892	13023.4
4096	16777216	7	0	1.57931	13018.4
4096	16777216	7	1	1.57967	13023.5
4096	16777216	7	2	1.56396	13024.5
4096	16777216	7	3	1.63572	13023
4096	16777216	7	4	1.56903	13026.4
4096	16777216	7	5	1.56026	13027.4
4096	16777216	7	6	1.58014	13025.3
4096	16777216	7	7	1.58568	13022.1
4096	16777216	7	8	1.64032	13024.5
4096	16777216	7	9	1.63834	13023.2
4096	16777216	7	10	1.55679	13021.5
4096	16777216	7	11	1.62451	13023.1
4096	16777216	7	12	1.6306	13024.4
4096	16777216	7	13	1.63096	13028.5
4096	16777216	7	14	1.6368	13024.4
4096	16777216	7	15	1.6283	13026.4
4096	16777216	7	16	1.63009	13023
4096	16777216	7	17	1.62739	13023.4
4096	16777216	7	18	1.62679	13021.5
4096	16777216	7	19	1.57612	13019.4
4096	16777216	8	0	1.51524	13027.4
4096	16777216	8	1	1.48552	13022.3
4096	16777216	8	2	1.4813	13026.1
4096	16777216	8	3	1.47782	13025.5
4096	16777216	8	4	1.52079	13026.2
4096	16777216	8	5	1.51458	13027.1
4096	16777216	8	6	1.57778	13024.1
4096	16777216	8	7	1.52483	13025.5
4096	16777216	8	8	1.47592	13026.4
4096	16777216	8	9	1.51531	13025.4
4096	16777216	8	10	1.57722	13026.4
4096	16777216	8	11	1.48343	13025.4
4096	16777216	8	12	1.57446	13024.4
4096	16777216	8	13	1.48841	13027.4
4096	16777216	8	14	1.56598	13024.4
4096	16777216	8	15	1.47857	13026.4
4096	16777216	8	16	1.48061	13026.4
4096	16777216	8	17	1.48329	13030.4
4096	16777216	8	18	1.57078	13024.4
4096	16777216	8	19	1.52039	13023.4
