graph	thresholdn	n*n	#proc	run	time [s]	distancetime_lazy [s]	distance_lazy
1 	0.25	128	16384	1	0	0.004597	408.72	0.004597	408.72
1 	0.25	128	16384	1	1	0.004673	408.72	0.004673	408.72
1 	0.25	128	16384	1	2	0.004576	408.72	0.004576	408.72
1 	0.25	128	16384	1	3	0.004662	408.72	0.004662	408.72
1 	0.25	128	16384	1	4	0.004571	408.72	0.004571	408.72
1 	0.5	128	16384	1	0	0.003183	409.518	0.003183	409.518
1 	0.5	128	16384	1	1	0.003164	409.518	0.003164	409.518
1 	0.5	128	16384	1	2	0.003173	409.518	0.003173	409.518
1 	0.5	128	16384	1	3	0.003165	409.518	0.003165	409.518
1 	0.5	128	16384	1	4	0.003162	409.518	0.003162	409.518
1 	1	128	16384	1	0	0.00251	414.045	0.00251	414.045
1 	1	128	16384	1	1	0.002517	414.045	0.002517	414.045
1 	1	128	16384	1	2	0.002516	414.045	0.002516	414.045
1 	1	128	16384	1	3	0.002517	414.045	0.002517	414.045
1 	1	128	16384	1	4	0.002509	414.045	0.002509	414.045
1 	2	128	16384	1	0	0.002322	430.28	0.002322	430.28
1 	2	128	16384	1	1	0.00234	430.28	0.00234	430.28
1 	2	128	16384	1	2	0.002333	430.28	0.002333	430.28
1 	2	128	16384	1	3	0.002321	430.28	0.002321	430.28
1 	2	128	16384	1	4	0.002326	430.28	0.002326	430.28
1 	0.25	128	16384	2	0	0.008916	408.275	0.008916	408.965
1 	0.25	128	16384	2	1	0.008949	408.455	0.008949	408.72
1 	0.25	128	16384	2	2	0.008871	408.706	0.008871	408.534
1 	0.25	128	16384	2	3	0.008829	408.692	0.008829	408.49
1 	0.25	128	16384	2	4	0.00868	408.734	0.00868	408.718
1 	0.5	128	16384	2	0	0.005527	410.228	0.005527	410.084
1 	0.5	128	16384	2	1	0.005602	409.517	0.005602	410.091
1 	0.5	128	16384	2	2	0.005546	409.988	0.005546	409.903
1 	0.5	128	16384	2	3	0.005574	410.497	0.005574	409.347
1 	0.5	128	16384	2	4	0.005554	409.328	0.005554	409.868
1 	1	128	16384	2	0	0.003918	414.071	0.003918	413.99
1 	1	128	16384	2	1	0.003981	414.254	0.003981	415.918
1 	1	128	16384	2	2	0.003896	413.64	0.003896	414.65
1 	1	128	16384	2	3	0.003961	414.298	0.003961	414.609
1 	1	128	16384	2	4	0.003873	414.23	0.003873	414.599
1 	2	128	16384	2	0	0.002987	427.549	0.002987	424.894
1 	2	128	16384	2	1	0.002987	424.691	0.002987	424.86
1 	2	128	16384	2	2	0.00299	426.761	0.00299	423.463
1 	2	128	16384	2	3	0.002924	426.939	0.002924	424.807
1 	2	128	16384	2	4	0.003001	428.142	0.003001	422.952
1 	0.25	128	16384	3	0	0.009563	408.713	0.009563	408.704
1 	0.25	128	16384	3	1	0.009613	408.722	0.009613	409.248
1 	0.25	128	16384	3	2	0.009465	408.497	0.009465	408.57
1 	0.25	128	16384	3	3	0.009487	408.709	0.009487	408.697
1 	0.25	128	16384	3	4	0.009479	408.968	0.009479	409.236
1 	0.5	128	16384	3	0	0.006171	410.141	0.006171	410.988
1 	0.5	128	16384	3	1	0.005838	409.705	0.005838	410.025
1 	0.5	128	16384	3	2	0.006009	410.543	0.006009	409.919
1 	0.5	128	16384	3	3	0.005891	410.358	0.005891	409.92
1 	0.5	128	16384	3	4	0.005911	409.575	0.005911	410.38
1 	1	128	16384	3	0	0.003951	411.642	0.003951	414.907
1 	1	128	16384	3	1	0.004104	416.02	0.004104	414.764
1 	1	128	16384	3	2	0.003999	414.994	0.003999	415.008
1 	1	128	16384	3	3	0.004005	413.86	0.004005	413.643
1 	1	128	16384	3	4	0.004065	414.763	0.004065	414.636
1 	2	128	16384	3	0	0.002892	426.861	0.002892	423.255
1 	2	128	16384	3	1	0.002952	425.742	0.002952	425.176
1 	2	128	16384	3	2	0.003018	427.155	0.003018	425.026
1 	2	128	16384	3	3	0.002862	424.843	0.002862	428.834
1 	2	128	16384	3	4	0.002972	423.625	0.002972	429.001
1 	0.25	128	16384	4	0	0.01046	409.697	0.01046	408.738
1 	0.25	128	16384	4	1	0.009921	409.039	0.009921	409.195
1 	0.25	128	16384	4	2	0.01008	409.784	0.01008	408.944
1 	0.25	128	16384	4	3	0.009987	408.558	0.009987	409.246
1 	0.25	128	16384	4	4	0.009992	409.496	0.009992	409.216
1 	0.5	128	16384	4	0	0.006081	410.808	0.006081	410.344
1 	0.5	128	16384	4	1	0.006204	410.125	0.006204	409.319
1 	0.5	128	16384	4	2	0.006183	409.751	0.006183	410.344
1 	0.5	128	16384	4	3	0.006193	409.208	0.006193	409.874
1 	0.5	128	16384	4	4	0.006127	410.354	0.006127	410.416
1 	1	128	16384	4	0	0.004117	415.93	0.004117	414.922
1 	1	128	16384	4	1	0.004043	414.055	0.004043	414.257
1 	1	128	16384	4	2	0.004208	416.075	0.004208	414.791
1 	1	128	16384	4	3	0.00413	413.912	0.00413	413.915
1 	1	128	16384	4	4	0.004082	414.638	0.004082	413.922
1 	2	128	16384	4	0	0.003034	427.119	0.003034	425.074
1 	2	128	16384	4	1	0.0029	423.68	0.0029	422.988
1 	2	128	16384	4	2	0.002977	427.044	0.002977	425.239
1 	2	128	16384	4	3	0.002949	424.852	0.002949	424.284
1 	2	128	16384	4	4	0.002928	424.334	0.002928	425.055
1 	0.25	128	16384	5	0	0.010779	409.196	0.010779	409.041
1 	0.25	128	16384	5	1	0.010656	408.796	0.010656	408.751
1 	0.25	128	16384	5	2	0.010892	409.469	0.010892	409.043
1 	0.25	128	16384	5	3	0.010619	409.7	0.010619	408.746
1 	0.25	128	16384	5	4	0.010605	409.441	0.010605	408.754
1 	0.5	128	16384	5	0	0.006565	410.649	0.006565	411.022
1 	0.5	128	16384	5	1	0.006515	410.413	0.006515	409.839
1 	0.5	128	16384	5	2	0.006411	409.904	0.006411	410.205
1 	0.5	128	16384	5	3	0.006389	410.208	0.006389	410.99
1 	0.5	128	16384	5	4	0.006561	411.158	0.006561	410.55
1 	1	128	16384	5	0	0.004203	415.728	0.004203	415.004
1 	1	128	16384	5	1	0.004276	415.376	0.004276	415.008
1 	1	128	16384	5	2	0.004279	414.98	0.004279	415.002
1 	1	128	16384	5	3	0.004269	414.031	0.004269	414.957
1 	1	128	16384	5	4	0.004235	413.658	0.004235	415.786
1 	2	128	16384	5	0	0.002913	424.876	0.002913	424.764
1 	2	128	16384	5	1	0.002816	424.244	0.002816	428.18
1 	2	128	16384	5	2	0.002815	423.02	0.002815	424.118
1 	2	128	16384	5	3	0.002847	425.124	0.002847	424.693
1 	2	128	16384	5	4	0.002877	426.676	0.002877	424.145
1 	0.25	128	16384	6	0	0.011336	409.717	0.011336	409.717
1 	0.25	128	16384	6	1	0.011164	409.704	0.011164	409.254
1 	0.25	128	16384	6	2	0.0114	409.292	0.0114	409.455
1 	0.25	128	16384	6	3	0.011012	409.046	0.011012	409.232
1 	0.25	128	16384	6	4	0.011135	409.466	0.011135	409.197
1 	0.5	128	16384	6	0	0.006574	411.552	0.006574	411.438
1 	0.5	128	16384	6	1	0.006488	410.043	0.006488	409.686
1 	0.5	128	16384	6	2	0.006733	410.915	0.006733	409.381
1 	0.5	128	16384	6	3	0.0066	410.403	0.0066	411.028
1 	0.5	128	16384	6	4	0.006645	411.329	0.006645	410.346
1 	1	128	16384	6	0	0.004165	414.75	0.004165	414.04
1 	1	128	16384	6	1	0.004362	414.046	0.004362	414.916
1 	1	128	16384	6	2	0.004321	414.579	0.004321	415.394
1 	1	128	16384	6	3	0.004258	415.023	0.004258	413.279
1 	1	128	16384	6	4	0.004239	413.313	0.004239	413.952
1 	2	128	16384	6	0	0.002978	426.953	0.002978	428.79
1 	2	128	16384	6	1	0.002928	424.539	0.002928	425.044
1 	2	128	16384	6	2	0.002923	427.055	0.002923	424.24
1 	2	128	16384	6	3	0.002838	422.749	0.002838	426.236
1 	2	128	16384	6	4	0.00289	424.993	0.00289	423.58
1 	0.25	128	16384	7	0	0.011599	409.723	0.011599	409.049
1 	0.25	128	16384	7	1	0.011282	409.787	0.011282	408.751
1 	0.25	128	16384	7	2	0.011951	409.507	0.011951	409.281
1 	0.25	128	16384	7	3	0.012079	409.702	0.012079	409.466
1 	0.25	128	16384	7	4	0.011373	409.719	0.011373	409.702
1 	0.5	128	16384	7	0	0.006753	409.861	0.006753	411.759
1 	0.5	128	16384	7	1	0.006726	409.91	0.006726	410.319
1 	0.5	128	16384	7	2	0.006918	410.574	0.006918	410.299
1 	0.5	128	16384	7	3	0.006851	411.662	0.006851	411.18
1 	0.5	128	16384	7	4	0.007008	410.295	0.007008	410.858
1 	1	128	16384	7	0	0.004326	415.3	0.004326	416.629
1 	1	128	16384	7	1	0.004274	415.657	0.004274	415.066
1 	1	128	16384	7	2	0.004331	416.1	0.004331	414.078
1 	1	128	16384	7	3	0.004181	414.611	0.004181	414.143
1 	1	128	16384	7	4	0.004307	415.961	0.004307	416.233
1 	2	128	16384	7	0	0.00294	426.292	0.00294	426.664
1 	2	128	16384	7	1	0.002809	424.763	0.002809	423.354
1 	2	128	16384	7	2	0.002972	423.421	0.002972	424.194
1 	2	128	16384	7	3	0.00286	426.87	0.00286	428.286
1 	2	128	16384	7	4	0.002934	425.234	0.002934	425.226
1 	0.25	128	16384	8	0	0.011857	409.736	0.011857	409.567
1 	0.25	128	16384	8	1	0.012235	409.955	0.012235	409.485
1 	0.25	128	16384	8	2	0.012647	409.525	0.012647	409.461
1 	0.25	128	16384	8	3	0.012237	410.194	0.012237	409.972
1 	0.25	128	16384	8	4	0.012257	409.964	0.012257	410.206
1 	0.5	128	16384	8	0	0.007178	411.251	0.007178	410.844
1 	0.5	128	16384	8	1	0.007048	410.229	0.007048	410.951
1 	0.5	128	16384	8	2	0.007079	410.882	0.007079	411.536
1 	0.5	128	16384	8	3	0.007103	411.851	0.007103	411.817
1 	0.5	128	16384	8	4	0.006947	411.495	0.006947	411.249
1 	1	128	16384	8	0	0.004368	413.817	0.004368	415.374
1 	1	128	16384	8	1	0.00466	415.608	0.00466	418.377
1 	1	128	16384	8	2	0.004376	414.767	0.004376	413.638
1 	1	128	16384	8	3	0.004573	414.086	0.004573	415.992
1 	1	128	16384	8	4	0.004577	413.655	0.004577	416.235
1 	2	128	16384	8	0	0.002811	420.806	0.002811	421.351
1 	2	128	16384	8	1	0.002995	424.924	0.002995	425.182
1 	2	128	16384	8	2	0.003069	428.588	0.003069	426.536
1 	2	128	16384	8	3	0.003013	426.373	0.003013	422.721
1 	2	128	16384	8	4	0.003075	425.368	0.003075	425.189
1 	0.25	256	65536	1	0	0.017825	811.793	0.017825	811.793
1 	0.25	256	65536	1	1	0.017821	811.793	0.017821	811.793
1 	0.25	256	65536	1	2	0.017833	811.793	0.017833	811.793
1 	0.25	256	65536	1	3	0.017835	811.793	0.017835	811.793
1 	0.25	256	65536	1	4	0.017848	811.793	0.017848	811.793
1 	0.5	256	65536	1	0	0.01263	813.444	0.01263	813.444
1 	0.5	256	65536	1	1	0.01262	813.444	0.01262	813.444
1 	0.5	256	65536	1	2	0.012702	813.444	0.012702	813.444
1 	0.5	256	65536	1	3	0.012619	813.444	0.012619	813.444
1 	0.5	256	65536	1	4	0.012635	813.444	0.012635	813.444
1 	1	256	65536	1	0	0.010264	821.281	0.010264	821.281
1 	1	256	65536	1	1	0.010237	821.281	0.010237	821.281
1 	1	256	65536	1	2	0.010241	821.281	0.010241	821.281
1 	1	256	65536	1	3	0.010237	821.281	0.010237	821.281
1 	1	256	65536	1	4	0.010234	821.281	0.010234	821.281
1 	2	256	65536	1	0	0.009291	845.544	0.009291	845.544
1 	2	256	65536	1	1	0.0093	845.544	0.0093	845.544
1 	2	256	65536	1	2	0.009289	845.544	0.009289	845.544
1 	2	256	65536	1	3	0.009291	845.544	0.009291	845.544
1 	2	256	65536	1	4	0.009294	845.544	0.009294	845.544
1 	0.25	256	65536	2	0	0.027194	811.465	0.027194	811.966
1 	0.25	256	65536	2	1	0.026105	811.468	0.026105	812.235
1 	0.25	256	65536	2	2	0.026687	811.475	0.026687	811.642
1 	0.25	256	65536	2	3	0.026671	811.728	0.026671	811.233
1 	0.25	256	65536	2	4	0.026817	811.731	0.026817	811.631
1 	0.5	256	65536	2	0	0.017076	814.529	0.017076	815.377
1 	0.5	256	65536	2	1	0.017083	813.692	0.017083	813.797
1 	0.5	256	65536	2	2	0.017159	813.852	0.017159	814.907
1 	0.5	256	65536	2	3	0.017216	814.387	0.017216	814.794
1 	0.5	256	65536	2	4	0.017297	814.789	0.017297	814.882
1 	1	256	65536	2	0	0.012315	823.876	0.012315	821.888
1 	1	256	65536	2	1	0.012252	821.905	0.012252	822.069
1 	1	256	65536	2	2	0.01233	820.811	0.01233	823.803
1 	1	256	65536	2	3	0.012478	821.83	0.012478	822.557
1 	1	256	65536	2	4	0.012398	821.574	0.012398	822.815
1 	2	256	65536	2	0	0.009557	841.418	0.009557	842.417
1 	2	256	65536	2	1	0.0097	844.456	0.0097	842.889
1 	2	256	65536	2	2	0.009497	842.03	0.009497	846.618
1 	2	256	65536	2	3	0.009553	844.668	0.009553	849.437
1 	2	256	65536	2	4	0.009808	847.575	0.009808	844.011
1 	0.25	256	65536	3	0	0.027141	812.004	0.027141	811.753
1 	0.25	256	65536	3	1	0.027224	811.695	0.027224	812.017
1 	0.25	256	65536	3	2	0.027414	811.788	0.027414	811.968
1 	0.25	256	65536	3	3	0.027801	812.842	0.027801	812.221
1 	0.25	256	65536	3	4	0.027128	812.512	0.027128	812.223
1 	0.5	256	65536	3	0	0.017281	814.576	0.017281	813.44
1 	0.5	256	65536	3	1	0.017622	814.48	0.017622	814.803
1 	0.5	256	65536	3	2	0.017533	814.219	0.017533	813.875
1 	0.5	256	65536	3	3	0.017371	814.922	0.017371	814.832
1 	0.5	256	65536	3	4	0.017377	815.254	0.017377	814.393
1 	1	256	65536	3	0	0.012073	822.269	0.012073	823.794
1 	1	256	65536	3	1	0.011999	821.827	0.011999	823.881
1 	1	256	65536	3	2	0.011805	822.747	0.011805	820.531
1 	1	256	65536	3	3	0.012032	823.499	0.012032	821.906
1 	1	256	65536	3	4	0.011879	820.475	0.011879	822.523
1 	2	256	65536	3	0	0.008989	841.471	0.008989	840.783
1 	2	256	65536	3	1	0.009227	843.407	0.009227	842.901
1 	2	256	65536	3	2	0.008936	842.795	0.008936	847.447
1 	2	256	65536	3	3	0.008989	842.546	0.008989	842.524
1 	2	256	65536	3	4	0.009069	843.517	0.009069	842.402
1 	0.25	256	65536	4	0	0.029514	811.726	0.029514	812.266
1 	0.25	256	65536	4	1	0.028299	812.032	0.028299	811.718
1 	0.25	256	65536	4	2	0.028552	812.185	0.028552	812.32
1 	0.25	256	65536	4	3	0.028447	812.633	0.028447	812.313
1 	0.25	256	65536	4	4	0.028181	812.898	0.028181	811.469
1 	0.5	256	65536	4	0	0.017747	815.319	0.017747	815.002
1 	0.5	256	65536	4	1	0.017476	814.185	0.017476	814.397
1 	0.5	256	65536	4	2	0.01754	814.961	0.01754	813.843
1 	0.5	256	65536	4	3	0.017384	813.867	0.017384	815.194
1 	0.5	256	65536	4	4	0.017284	815.292	0.017284	815.257
1 	1	256	65536	4	0	0.012035	821.844	0.012035	823.191
1 	1	256	65536	4	1	0.011931	822.855	0.011931	821.67
1 	1	256	65536	4	2	0.011897	823.871	0.011897	822.464
1 	1	256	65536	4	3	0.011866	823.802	0.011866	821.895
1 	1	256	65536	4	4	0.012048	822.809	0.012048	822.821
1 	2	256	65536	4	0	0.008704	844.719	0.008704	840.897
1 	2	256	65536	4	1	0.008751	844.839	0.008751	845.239
1 	2	256	65536	4	2	0.008844	848.831	0.008844	841.481
1 	2	256	65536	4	3	0.008777	842.117	0.008777	842.543
1 	2	256	65536	4	4	0.008719	842.216	0.008719	844.256
1 	0.25	256	65536	5	0	0.029261	812.517	0.029261	811.97
1 	0.25	256	65536	5	1	0.028352	812.756	0.028352	812.464
1 	0.25	256	65536	5	2	0.028111	812.362	0.028111	811.718
1 	0.25	256	65536	5	3	0.02802	812.259	0.02802	812.29
1 	0.25	256	65536	5	4	0.029035	812.552	0.029035	812.233
1 	0.5	256	65536	5	0	0.017597	813.883	0.017597	814.393
1 	0.5	256	65536	5	1	0.017671	814.89	0.017671	814.308
1 	0.5	256	65536	5	2	0.017825	814.921	0.017825	813.346
1 	0.5	256	65536	5	3	0.017714	813.931	0.017714	813.943
1 	0.5	256	65536	5	4	0.017699	813.905	0.017699	813.855
1 	1	256	65536	5	0	0.011967	823.697	0.011967	825.785
1 	1	256	65536	5	1	0.011982	821.481	0.011982	822.459
1 	1	256	65536	5	2	0.011843	822.823	0.011843	824.301
1 	1	256	65536	5	3	0.011892	822.518	0.011892	821.553
1 	1	256	65536	5	4	0.011741	818.479	0.011741	823.036
1 	2	256	65536	5	0	0.008722	847.09	0.008722	843.301
1 	2	256	65536	5	1	0.008492	841.273	0.008492	842.609
1 	2	256	65536	5	2	0.008673	845.081	0.008673	842.542
1 	2	256	65536	5	3	0.0085	845.547	0.0085	848.543
1 	2	256	65536	5	4	0.008439	841.884	0.008439	842.631
1 	0.25	256	65536	6	0	0.031629	811.754	0.031629	812.511
1 	0.25	256	65536	6	1	0.030039	812.984	0.030039	812.504
1 	0.25	256	65536	6	2	0.029458	812.516	0.029458	812.255
1 	0.25	256	65536	6	3	0.029362	812.3	0.029362	813.008
1 	0.25	256	65536	6	4	0.029206	812.725	0.029206	812.32
1 	0.5	256	65536	6	0	0.018027	814.796	0.018027	814.852
1 	0.5	256	65536	6	1	0.017983	816.717	0.017983	814.821
1 	0.5	256	65536	6	2	0.018793	814.24	0.018793	815.054
1 	0.5	256	65536	6	3	0.017872	814.774	0.017872	815.292
1 	0.5	256	65536	6	4	0.018122	815.638	0.018122	815.34
1 	1	256	65536	6	0	0.011961	823.621	0.011961	823.8
1 	1	256	65536	6	1	0.012071	821.731	0.012071	821.478
1 	1	256	65536	6	2	0.012146	823.483	0.012146	822.933
1 	1	256	65536	6	3	0.012026	821.526	0.012026	821.639
1 	1	256	65536	6	4	0.012047	821.719	0.012047	822.431
1 	2	256	65536	6	0	0.008453	842.522	0.008453	842.882
1 	2	256	65536	6	1	0.008652	844.606	0.008652	844.813
1 	2	256	65536	6	2	0.008594	844.552	0.008594	844.128
1 	2	256	65536	6	3	0.008451	843.254	0.008451	842.809
1 	2	256	65536	6	4	0.00862	844.349	0.00862	844.882
1 	0.25	256	65536	7	0	0.030933	812.759	0.030933	813.23
1 	0.25	256	65536	7	1	0.030791	813.849	0.030791	813.356
1 	0.25	256	65536	7	2	0.030289	812.728	0.030289	812.984
1 	0.25	256	65536	7	3	0.029903	812.76	0.029903	814.115
1 	0.25	256	65536	7	4	0.030698	812.57	0.030698	812.979
1 	0.5	256	65536	7	0	0.018027	814.96	0.018027	814.277
1 	0.5	256	65536	7	1	0.017915	814.936	0.017915	814.276
1 	0.5	256	65536	7	2	0.018187	815.773	0.018187	815.396
1 	0.5	256	65536	7	3	0.018635	815.876	0.018635	813.881
1 	0.5	256	65536	7	4	0.018454	815.395	0.018454	815.297
1 	1	256	65536	7	0	0.012337	821.025	0.012337	824.044
1 	1	256	65536	7	1	0.011886	822.855	0.011886	823.465
1 	1	256	65536	7	2	0.012067	823.263	0.012067	821.666
1 	1	256	65536	7	3	0.012121	822.522	0.012121	823.364
1 	1	256	65536	7	4	0.012202	824.013	0.012202	824.456
1 	2	256	65536	7	0	0.008677	846.542	0.008677	846.789
1 	2	256	65536	7	1	0.008393	847.302	0.008393	844.434
1 	2	256	65536	7	2	0.008334	839.573	0.008334	846.727
1 	2	256	65536	7	3	0.008501	841.481	0.008501	842.519
1 	2	256	65536	7	4	0.008497	842.551	0.008497	844.731
1 	0.25	256	65536	8	0	0.034014	812.269	0.034014	812.351
1 	0.25	256	65536	8	1	0.032432	813.938	0.032432	813.641
1 	0.25	256	65536	8	2	0.033431	811.769	0.033431	813.476
1 	0.25	256	65536	8	3	0.031875	813.219	0.031875	812.975
1 	0.25	256	65536	8	4	0.031428	813.318	0.031428	812.731
1 	0.5	256	65536	8	0	0.01926	815.636	0.01926	815.654
1 	0.5	256	65536	8	1	0.01872	815.283	0.01872	814.86
1 	0.5	256	65536	8	2	0.019236	814.272	0.019236	816.286
1 	0.5	256	65536	8	3	0.019822	815.513	0.019822	815.932
1 	0.5	256	65536	8	4	0.019279	815.243	0.019279	815.376
1 	1	256	65536	8	0	0.012491	824.938	0.012491	823.482
1 	1	256	65536	8	1	0.01245	822.404	0.01245	822.974
1 	1	256	65536	8	2	0.012546	822.522	0.012546	820.764
1 	1	256	65536	8	3	0.012352	821.532	0.012352	823.389
1 	1	256	65536	8	4	0.012687	822.473	0.012687	824.474
1 	2	256	65536	8	0	0.00899	842.674	0.00899	846.845
1 	2	256	65536	8	1	0.008995	842.54	0.008995	842.959
1 	2	256	65536	8	2	0.008732	842.609	0.008732	845.171
1 	2	256	65536	8	3	0.008659	842.254	0.008659	846.875
1 	2	256	65536	8	4	0.008614	842.861	0.008614	844.875
1 	0.25	512	262144	1	0	0.101561	1612.23	0.101561	1612.23
1 	0.25	512	262144	1	1	0.101647	1612.23	0.101647	1612.23
1 	0.25	512	262144	1	2	0.101684	1612.23	0.101684	1612.23
1 	0.25	512	262144	1	3	0.101559	1612.23	0.101559	1612.23
1 	0.25	512	262144	1	4	0.101626	1612.23	0.101626	1612.23
1 	0.5	512	262144	1	0	0.080844	1618.91	0.080844	1618.91
1 	0.5	512	262144	1	1	0.080862	1618.91	0.080862	1618.91
1 	0.5	512	262144	1	2	0.080781	1618.91	0.080781	1618.91
1 	0.5	512	262144	1	3	0.080869	1618.91	0.080869	1618.91
1 	0.5	512	262144	1	4	0.080905	1618.91	0.080905	1618.91
1 	1	512	262144	1	0	0.069845	1635.66	0.069845	1635.66
1 	1	512	262144	1	1	0.069864	1635.66	0.069864	1635.66
1 	1	512	262144	1	2	0.069841	1635.66	0.069841	1635.66
1 	1	512	262144	1	3	0.069848	1635.66	0.069848	1635.66
1 	1	512	262144	1	4	0.069873	1635.66	0.069873	1635.66
1 	2	512	262144	1	0	0.064306	1683.68	0.064306	1683.68
1 	2	512	262144	1	1	0.064263	1683.68	0.064263	1683.68
1 	2	512	262144	1	2	0.064286	1683.68	0.064286	1683.68
1 	2	512	262144	1	3	0.064323	1683.68	0.064323	1683.68
1 	2	512	262144	1	4	0.064416	1683.68	0.064416	1683.68
1 	0.25	512	262144	2	0	0.097622	1612.66	0.097622	1613.92
1 	0.25	512	262144	2	1	0.096864	1613.13	0.096864	1613.41
1 	0.25	512	262144	2	2	0.096536	1613.73	0.096536	1614.41
1 	0.25	512	262144	2	3	0.096659	1612.92	0.096659	1612.66
1 	0.25	512	262144	2	4	0.097919	1613.48	0.097919	1613.16
1 	0.5	512	262144	2	0	0.067227	1616.78	0.067227	1617.78
1 	0.5	512	262144	2	1	0.067625	1617.7	0.067625	1618.41
1 	0.5	512	262144	2	2	0.067536	1617.9	0.067536	1618.13
1 	0.5	512	262144	2	3	0.067406	1617.21	0.067406	1618.21
1 	0.5	512	262144	2	4	0.067023	1616.26	0.067023	1618.26
1 	1	512	262144	2	0	0.05266	1637.07	0.05266	1633.08
1 	1	512	262144	2	1	0.051506	1633.44	0.051506	1634.07
1 	1	512	262144	2	2	0.052157	1634.42	0.052157	1633.42
1 	1	512	262144	2	3	0.051992	1634.7	0.051992	1636.01
1 	1	512	262144	2	4	0.052312	1634.04	0.052312	1633.37
1 	2	512	262144	2	0	0.04396	1684.45	0.04396	1684.19
1 	2	512	262144	2	1	0.043269	1680.44	0.043269	1680.45
1 	2	512	262144	2	2	0.043018	1677.72	0.043018	1678.36
1 	2	512	262144	2	3	0.043756	1680.58	0.043756	1678.97
1 	2	512	262144	2	4	0.043524	1680.47	0.043524	1679.68
1 	0.25	512	262144	3	0	0.090729	1612.93	0.090729	1613.69
1 	0.25	512	262144	3	1	0.091233	1613.19	0.091233	1613.63
1 	0.25	512	262144	3	2	0.090331	1612.47	0.090331	1613.7
1 	0.25	512	262144	3	3	0.09067	1614.42	0.09067	1613.16
1 	0.25	512	262144	3	4	0.092097	1613.65	0.092097	1613.24
1 	0.5	512	262144	3	0	0.061352	1618.68	0.061352	1617.27
1 	0.5	512	262144	3	1	0.061645	1618.9	0.061645	1617.91
1 	0.5	512	262144	3	2	0.060738	1619.76	0.060738	1617.77
1 	0.5	512	262144	3	3	0.060477	1618.46	0.060477	1618.95
1 	0.5	512	262144	3	4	0.061163	1619.94	0.061163	1618.95
1 	1	512	262144	3	0	0.044487	1633.04	0.044487	1635.37
1 	1	512	262144	3	1	0.044571	1636.09	0.044571	1633.04
1 	1	512	262144	3	2	0.044854	1636.14	0.044854	1633.68
1 	1	512	262144	3	3	0.045225	1636.42	0.045225	1635.28
1 	1	512	262144	3	4	0.04481	1633.19	0.04481	1635.43
1 	2	512	262144	3	0	0.035651	1676.72	0.035651	1682.44
1 	2	512	262144	3	1	0.035616	1678.21	0.035616	1678.68
1 	2	512	262144	3	2	0.036147	1678.46	0.036147	1678.43
1 	2	512	262144	3	3	0.036652	1683.52	0.036652	1679.25
1 	2	512	262144	3	4	0.035682	1677	0.035682	1678.83
1 	0.25	512	262144	4	0	0.090439	1613.48	0.090439	1613.55
1 	0.25	512	262144	4	1	0.087629	1613.41	0.087629	1614.4
1 	0.25	512	262144	4	2	0.085883	1613.18	0.085883	1613.88
1 	0.25	512	262144	4	3	0.088275	1613.72	0.088275	1614.39
1 	0.25	512	262144	4	4	0.087345	1613.63	0.087345	1613.38
1 	0.5	512	262144	4	0	0.056199	1617.95	0.056199	1617.84
1 	0.5	512	262144	4	1	0.057181	1618.81	0.057181	1617.77
1 	0.5	512	262144	4	2	0.056217	1618.24	0.056217	1618.45
1 	0.5	512	262144	4	3	0.056078	1618.22	0.056078	1618.08
1 	0.5	512	262144	4	4	0.056497	1618.23	0.056497	1617.76
1 	1	512	262144	4	0	0.040421	1636.42	0.040421	1633.3
1 	1	512	262144	4	1	0.040799	1635.62	0.040799	1637.04
1 	1	512	262144	4	2	0.040437	1632.63	0.040437	1632.46
1 	1	512	262144	4	3	0.040284	1631.36	0.040284	1635.01
1 	1	512	262144	4	4	0.040225	1636.54	0.040225	1631.03
1 	2	512	262144	4	0	0.031813	1681	0.031813	1680.47
1 	2	512	262144	4	1	0.032013	1684.41	0.032013	1675.63
1 	2	512	262144	4	2	0.031501	1674.62	0.031501	1677.7
1 	2	512	262144	4	3	0.031901	1680.93	0.031901	1673.01
1 	2	512	262144	4	4	0.031715	1678.4	0.031715	1684.39
1 	0.25	512	262144	5	0	0.083571	1613.42	0.083571	1614.23
1 	0.25	512	262144	5	1	0.084478	1614.16	0.084478	1613.92
1 	0.25	512	262144	5	2	0.084424	1613.66	0.084424	1613.65
1 	0.25	512	262144	5	3	0.084657	1613.38	0.084657	1614.15
1 	0.25	512	262144	5	4	0.0848	1613.92	0.0848	1613.42
1 	0.5	512	262144	5	0	0.055245	1618.45	0.055245	1618.76
1 	0.5	512	262144	5	1	0.055689	1617.24	0.055689	1617.92
1 	0.5	512	262144	5	2	0.054751	1617.66	0.054751	1619.35
1 	0.5	512	262144	5	3	0.05404	1617.22	0.05404	1617.41
1 	0.5	512	262144	5	4	0.055606	1617.26	0.055606	1617.25
1 	1	512	262144	5	0	0.038915	1636.38	0.038915	1632.97
1 	1	512	262144	5	1	0.038649	1633.38	0.038649	1634.06
1 	1	512	262144	5	2	0.038099	1637.24	0.038099	1637.35
1 	1	512	262144	5	3	0.0379	1634.46	0.0379	1638.48
1 	1	512	262144	5	4	0.038586	1635.01	0.038586	1634.16
1 	2	512	262144	5	0	0.029597	1679.7	0.029597	1677.68
1 	2	512	262144	5	1	0.029119	1676.32	0.029119	1679.66
1 	2	512	262144	5	2	0.029404	1682.86	0.029404	1680.21
1 	2	512	262144	5	3	0.029254	1682.43	0.029254	1674.6
1 	2	512	262144	5	4	0.029114	1675.98	0.029114	1677.83
1 	0.25	512	262144	6	0	0.084895	1614.23	0.084895	1613.23
1 	0.25	512	262144	6	1	0.082687	1613.94	0.082687	1614.41
1 	0.25	512	262144	6	2	0.08489	1613.74	0.08489	1615.17
1 	0.25	512	262144	6	3	0.081922	1613.9	0.081922	1613.5
1 	0.25	512	262144	6	4	0.082933	1614.64	0.082933	1614.66
1 	0.5	512	262144	6	0	0.053255	1618.42	0.053255	1618.86
1 	0.5	512	262144	6	1	0.052031	1617.97	0.052031	1617.72
1 	0.5	512	262144	6	2	0.052761	1618.82	0.052761	1618.42
1 	0.5	512	262144	6	3	0.053442	1619.75	0.053442	1619.46
1 	0.5	512	262144	6	4	0.051105	1618.27	0.051105	1618.45
1 	1	512	262144	6	0	0.036811	1636.34	0.036811	1634.32
1 	1	512	262144	6	1	0.036881	1633.98	0.036881	1634.29
1 	1	512	262144	6	2	0.036205	1634.45	0.036205	1638
1 	1	512	262144	6	3	0.036353	1634	0.036353	1633.15
1 	1	512	262144	6	4	0.036168	1634.38	0.036168	1636.19
1 	2	512	262144	6	0	0.027733	1677.72	0.027733	1680.44
1 	2	512	262144	6	1	0.027471	1680.19	0.027471	1679.67
1 	2	512	262144	6	2	0.026975	1675.73	0.026975	1675.02
1 	2	512	262144	6	3	0.028415	1678.34	0.028415	1675.72
1 	2	512	262144	6	4	0.028749	1680.41	0.028749	1676.41
1 	0.25	512	262144	7	0	0.085193	1613.38	0.085193	1613.67
1 	0.25	512	262144	7	1	0.086369	1613.94	0.086369	1613.13
1 	0.25	512	262144	7	2	0.085128	1613.73	0.085128	1613.47
1 	0.25	512	262144	7	3	0.08372	1613.89	0.08372	1614.17
1 	0.25	512	262144	7	4	0.086966	1614.44	0.086966	1614.18
1 	0.5	512	262144	7	0	0.053595	1618.81	0.053595	1619.42
1 	0.5	512	262144	7	1	0.052353	1617.96	0.052353	1618.94
1 	0.5	512	262144	7	2	0.052604	1618.24	0.052604	1618.26
1 	0.5	512	262144	7	3	0.051529	1618.76	0.051529	1618.84
1 	0.5	512	262144	7	4	0.053224	1617.75	0.053224	1619.71
1 	1	512	262144	7	0	0.036486	1636.14	0.036486	1633.02
1 	1	512	262144	7	1	0.035811	1635.35	0.035811	1632
1 	1	512	262144	7	2	0.034921	1634.03	0.034921	1632.11
1 	1	512	262144	7	3	0.035882	1636.72	0.035882	1635.73
1 	1	512	262144	7	4	0.036374	1636	0.036374	1639.41
1 	2	512	262144	7	0	0.027288	1678.25	0.027288	1675.72
1 	2	512	262144	7	1	0.025879	1677.02	0.025879	1676.11
1 	2	512	262144	7	2	0.026438	1679.73	0.026438	1676.21
1 	2	512	262144	7	3	0.026034	1676.39	0.026034	1678.41
1 	2	512	262144	7	4	0.025851	1678.22	0.025851	1676.33
1 	0.25	512	262144	8	0	0.087759	1613.27	0.087759	1613.96
1 	0.25	512	262144	8	1	0.087755	1613.89	0.087755	1614.38
1 	0.25	512	262144	8	2	0.081314	1614.91	0.081314	1615.14
1 	0.25	512	262144	8	3	0.086494	1616.94	0.086494	1614.74
1 	0.25	512	262144	8	4	0.087107	1614.67	0.087107	1613.89
1 	0.5	512	262144	8	0	0.053197	1620.21	0.053197	1619.23
1 	0.5	512	262144	8	1	0.052952	1620.41	0.052952	1619.72
1 	0.5	512	262144	8	2	0.055146	1618.4	0.055146	1619.23
1 	0.5	512	262144	8	3	0.053604	1618.94	0.053604	1618.86
1 	0.5	512	262144	8	4	0.05044	1619.92	0.05044	1618.39
1 	1	512	262144	8	0	0.036491	1632.98	0.036491	1633.2
1 	1	512	262144	8	1	0.036193	1636.44	0.036193	1637.39
1 	1	512	262144	8	2	0.034647	1636.07	0.034647	1635.06
1 	1	512	262144	8	3	0.037298	1633.17	0.037298	1634.07
1 	1	512	262144	8	4	0.036264	1633.41	0.036264	1635.66
1 	2	512	262144	8	0	0.025403	1680.38	0.025403	1676.39
1 	2	512	262144	8	1	0.025805	1678.32	0.025805	1682.23
1 	2	512	262144	8	2	0.025267	1676.39	0.025267	1679.01
1 	2	512	262144	8	3	0.02555	1679.77	0.02555	1676.45
1 	2	512	262144	8	4	0.025705	1680.23	0.025705	1684.15
1 	0.25	1024	1048576	1	0	0.426254	3222.01	0.426254	3222.01
1 	0.25	1024	1048576	1	1	0.426273	3222.01	0.426273	3222.01
1 	0.25	1024	1048576	1	2	0.424677	3222.01	0.424677	3222.01
1 	0.25	1024	1048576	1	3	0.424645	3222.01	0.424645	3222.01
1 	0.25	1024	1048576	1	4	0.424753	3222.01	0.424753	3222.01
1 	0.5	1024	1048576	1	0	0.340883	3232.93	0.340883	3232.93
1 	0.5	1024	1048576	1	1	0.340906	3232.93	0.340906	3232.93
1 	0.5	1024	1048576	1	2	0.340981	3232.93	0.340981	3232.93
1 	0.5	1024	1048576	1	3	0.340695	3232.93	0.340695	3232.93
1 	0.5	1024	1048576	1	4	0.340621	3232.93	0.340621	3232.93
1 	1	1024	1048576	1	0	0.292624	3260.17	0.292624	3260.17
1 	1	1024	1048576	1	1	0.292609	3260.17	0.292609	3260.17
1 	1	1024	1048576	1	2	0.292591	3260.17	0.292591	3260.17
1 	1	1024	1048576	1	3	0.292927	3260.17	0.292927	3260.17
1 	1	1024	1048576	1	4	0.292674	3260.17	0.292674	3260.17
1 	2	1024	1048576	1	0	0.266394	3344.62	0.266394	3344.62
1 	2	1024	1048576	1	1	0.266312	3344.62	0.266312	3344.62
1 	2	1024	1048576	1	2	0.266529	3344.62	0.266529	3344.62
1 	2	1024	1048576	1	3	0.266433	3344.62	0.266433	3344.62
1 	2	1024	1048576	1	4	0.266685	3344.62	0.266685	3344.62
1 	0.25	1024	1048576	2	0	0.35255	3222.53	0.35255	3222.3
1 	0.25	1024	1048576	2	1	0.350797	3223.04	0.350797	3222.23
1 	0.25	1024	1048576	2	2	0.35264	3223.05	0.35264	3222.55
1 	0.25	1024	1048576	2	3	0.352781	3222.55	0.352781	3222.28
1 	0.25	1024	1048576	2	4	0.351876	3222.77	0.351876	3222.51
1 	0.5	1024	1048576	2	0	0.248097	3232.76	0.248097	3233.13
1 	0.5	1024	1048576	2	1	0.251679	3233	0.251679	3232.18
1 	0.5	1024	1048576	2	2	0.247471	3231.64	0.247471	3231.95
1 	0.5	1024	1048576	2	3	0.248311	3232.8	0.248311	3231.71
1 	0.5	1024	1048576	2	4	0.250695	3232.96	0.250695	3232.64
1 	1	1024	1048576	2	0	0.195788	3261.35	0.195788	3262.72
1 	1	1024	1048576	2	1	0.195591	3261.17	0.195591	3262.3
1 	1	1024	1048576	2	2	0.197382	3263.64	0.197382	3260.78
1 	1	1024	1048576	2	3	0.197386	3265.46	0.197386	3261.78
1 	1	1024	1048576	2	4	0.198774	3262.38	0.198774	3257.53
1 	2	1024	1048576	2	0	0.167989	3347.32	0.167989	3348.84
1 	2	1024	1048576	2	1	0.166094	3339.26	0.166094	3341.39
1 	2	1024	1048576	2	2	0.167513	3345.46	0.167513	3351.03
1 	2	1024	1048576	2	3	0.168301	3345.97	0.168301	3345.53
1 	2	1024	1048576	2	4	0.170624	3351.5	0.170624	3351.68
1 	0.25	1024	1048576	3	0	0.317397	3223.26	0.317397	3222.19
1 	0.25	1024	1048576	3	1	0.318573	3222.05	0.318573	3222.86
1 	0.25	1024	1048576	3	2	0.318929	3222.26	0.318929	3222.24
1 	0.25	1024	1048576	3	3	0.319206	3222.8	0.319206	3222.25
1 	0.25	1024	1048576	3	4	0.318782	3222.4	0.318782	3222.65
1 	0.5	1024	1048576	3	0	0.216535	3233.97	0.216535	3231.34
1 	0.5	1024	1048576	3	1	0.216593	3233.45	0.216593	3232.43
1 	0.5	1024	1048576	3	2	0.213361	3233.13	0.213361	3232.53
1 	0.5	1024	1048576	3	3	0.217011	3232.77	0.217011	3232.71
1 	0.5	1024	1048576	3	4	0.213578	3231.37	0.213578	3233.23
1 	1	1024	1048576	3	0	0.160217	3264.65	0.160217	3262.79
1 	1	1024	1048576	3	1	0.162734	3261.42	0.162734	3262.76
1 	1	1024	1048576	3	2	0.162433	3262.45	0.162433	3264.07
1 	1	1024	1048576	3	3	0.161932	3263.47	0.161932	3261.43
1 	1	1024	1048576	3	4	0.160008	3263.73	0.160008	3262.63
1 	2	1024	1048576	3	0	0.132619	3341.76	0.132619	3351.23
1 	2	1024	1048576	3	1	0.129413	3337.19	0.129413	3348.03
1 	2	1024	1048576	3	2	0.130441	3341.51	0.130441	3344.29
1 	2	1024	1048576	3	3	0.133447	3347	0.133447	3349.2
1 	2	1024	1048576	3	4	0.130774	3343.32	0.130774	3341.49
1 	0.25	1024	1048576	4	0	0.29418	3223	0.29418	3222.73
1 	0.25	1024	1048576	4	1	0.294821	3222.76	0.294821	3222.4
1 	0.25	1024	1048576	4	2	0.293822	3223.04	0.293822	3222.4
1 	0.25	1024	1048576	4	3	0.297403	3223.05	0.297403	3222.26
1 	0.25	1024	1048576	4	4	0.297654	3222.03	0.297654	3223.22
1 	0.5	1024	1048576	4	0	0.193174	3233.64	0.193174	3232.96
1 	0.5	1024	1048576	4	1	0.195356	3232.85	0.195356	3231.2
1 	0.5	1024	1048576	4	2	0.197964	3233.45	0.197964	3232.7
1 	0.5	1024	1048576	4	3	0.19168	3231.8	0.19168	3232.91
1 	0.5	1024	1048576	4	4	0.192875	3232.47	0.192875	3233.72
1 	1	1024	1048576	4	0	0.140223	3261.47	0.140223	3263.79
1 	1	1024	1048576	4	1	0.13964	3266.15	0.13964	3262.54
1 	1	1024	1048576	4	2	0.143671	3265.2	0.143671	3262.79
1 	1	1024	1048576	4	3	0.139426	3259.64	0.139426	3264.25
1 	1	1024	1048576	4	4	0.139042	3260.43	0.139042	3259.75
1 	2	1024	1048576	4	0	0.113876	3351.45	0.113876	3352.59
1 	2	1024	1048576	4	1	0.110882	3345.36	0.110882	3348.99
1 	2	1024	1048576	4	2	0.113987	3347.34	0.113987	3353.38
1 	2	1024	1048576	4	3	0.111373	3345.39	0.111373	3347.45
1 	2	1024	1048576	4	4	0.112774	3348.61	0.112774	3349.2
1 	0.25	1024	1048576	5	0	0.280669	3222.8	0.280669	3222.6
1 	0.25	1024	1048576	5	1	0.277905	3222.65	0.277905	3223.75
1 	0.25	1024	1048576	5	2	0.278574	3223.55	0.278574	3222.78
1 	0.25	1024	1048576	5	3	0.277371	3223.02	0.277371	3224.04
1 	0.25	1024	1048576	5	4	0.282095	3222.8	0.282095	3222.49
1 	0.5	1024	1048576	5	0	0.184552	3233.22	0.184552	3232.42
1 	0.5	1024	1048576	5	1	0.179655	3232.51	0.179655	3232.45
1 	0.5	1024	1048576	5	2	0.180205	3233.24	0.180205	3232.29
1 	0.5	1024	1048576	5	3	0.180136	3232.5	0.180136	3232.18
1 	0.5	1024	1048576	5	4	0.183475	3233.71	0.183475	3233.17
1 	1	1024	1048576	5	0	0.131036	3264.51	0.131036	3262.54
1 	1	1024	1048576	5	1	0.128561	3264.08	0.128561	3264.45
1 	1	1024	1048576	5	2	0.12742	3261.69	0.12742	3261.34
1 	1	1024	1048576	5	3	0.127961	3262.01	0.127961	3263.33
1 	1	1024	1048576	5	4	0.131396	3260.37	0.131396	3263.43
1 	2	1024	1048576	5	0	0.10069	3344.5	0.10069	3350.91
1 	2	1024	1048576	5	1	0.103624	3349.33	0.103624	3345.45
1 	2	1024	1048576	5	2	0.101613	3345.51	0.101613	3344.9
1 	2	1024	1048576	5	3	0.103232	3343.67	0.103232	3350.98
1 	2	1024	1048576	5	4	0.10059	3348.93	0.10059	3345.56
1 	0.25	1024	1048576	6	0	0.272298	3222.85	0.272298	3223.04
1 	0.25	1024	1048576	6	1	0.266481	3223.04	0.266481	3224.29
1 	0.25	1024	1048576	6	2	0.262106	3222.51	0.262106	3222.74
1 	0.25	1024	1048576	6	3	0.266893	3222.22	0.266893	3222.75
1 	0.25	1024	1048576	6	4	0.274864	3224.29	0.274864	3222.75
1 	0.5	1024	1048576	6	0	0.169168	3233.41	0.169168	3230.96
1 	0.5	1024	1048576	6	1	0.172279	3232.19	0.172279	3233.12
1 	0.5	1024	1048576	6	2	0.170935	3232.71	0.170935	3234.03
1 	0.5	1024	1048576	6	3	0.170648	3231.3	0.170648	3232.69
1 	0.5	1024	1048576	6	4	0.176881	3231.97	0.176881	3232.44
1 	1	1024	1048576	6	0	0.119711	3265.26	0.119711	3265.35
1 	1	1024	1048576	6	1	0.124766	3262.31	0.124766	3261.09
1 	1	1024	1048576	6	2	0.121353	3267.45	0.121353	3264.43
1 	1	1024	1048576	6	3	0.120625	3260.48	0.120625	3262.07
1 	1	1024	1048576	6	4	0.121176	3262.33	0.121176	3264.34
1 	2	1024	1048576	6	0	0.093239	3350.98	0.093239	3349.24
1 	2	1024	1048576	6	1	0.091911	3349.39	0.091911	3347.43
1 	2	1024	1048576	6	2	0.096558	3347.38	0.096558	3348.76
1 	2	1024	1048576	6	3	0.091344	3343.36	0.091344	3343.62
1 	2	1024	1048576	6	4	0.093184	3353.39	0.093184	3346.74
1 	0.25	1024	1048576	7	0	0.261619	3224.08	0.261619	3223.44
1 	0.25	1024	1048576	7	1	0.265292	3223.8	0.265292	3223.8
1 	0.25	1024	1048576	7	2	0.26991	3222.76	0.26991	3223.51
1 	0.25	1024	1048576	7	3	0.269792	3223.76	0.269792	3223.76
1 	0.25	1024	1048576	7	4	0.261071	3224.27	0.261071	3223.65
1 	0.5	1024	1048576	7	0	0.172346	3232.71	0.172346	3233.05
1 	0.5	1024	1048576	7	1	0.169634	3232.44	0.169634	3232.53
1 	0.5	1024	1048576	7	2	0.166526	3232.55	0.166526	3233.42
1 	0.5	1024	1048576	7	3	0.170222	3231.94	0.170222	3233.18
1 	0.5	1024	1048576	7	4	0.164182	3234.25	0.164182	3233.35
1 	1	1024	1048576	7	0	0.122088	3262.62	0.122088	3264.55
1 	1	1024	1048576	7	1	0.116551	3265.46	0.116551	3265.76
1 	1	1024	1048576	7	2	0.113925	3262.48	0.113925	3263.4
1 	1	1024	1048576	7	3	0.116681	3263.55	0.116681	3266.22
1 	1	1024	1048576	7	4	0.121275	3262.79	0.121275	3264.43
1 	2	1024	1048576	7	0	0.093344	3347.1	0.093344	3347.19
1 	2	1024	1048576	7	1	0.094039	3347.39	0.094039	3349.9
1 	2	1024	1048576	7	2	0.092686	3351.43	0.092686	3353.48
1 	2	1024	1048576	7	3	0.092851	3345.37	0.092851	3344.59
1 	2	1024	1048576	7	4	0.092527	3349.32	0.092527	3353.39
1 	0.25	1024	1048576	8	0	0.258991	3223.26	0.258991	3224.02
1 	0.25	1024	1048576	8	1	0.268847	3223.29	0.268847	3223.98
1 	0.25	1024	1048576	8	2	0.259801	3223.65	0.259801	3223.93
1 	0.25	1024	1048576	8	3	0.265102	3223.55	0.265102	3223.03
1 	0.25	1024	1048576	8	4	0.25868	3223.51	0.25868	3223.4
1 	0.5	1024	1048576	8	0	0.160329	3232.98	0.160329	3233.28
1 	0.5	1024	1048576	8	1	0.16259	3233.05	0.16259	3232.93
1 	0.5	1024	1048576	8	2	0.16847	3234.56	0.16847	3233.63
1 	0.5	1024	1048576	8	3	0.159733	3233.94	0.159733	3232.74
1 	0.5	1024	1048576	8	4	0.167577	3233.4	0.167577	3234.42
1 	1	1024	1048576	8	0	0.118466	3264.44	0.118466	3263.09
1 	1	1024	1048576	8	1	0.113952	3265.38	0.113952	3263.16
1 	1	1024	1048576	8	2	0.117951	3265.75	0.117951	3264.35
1 	1	1024	1048576	8	3	0.112834	3261.75	0.112834	3265.46
1 	1	1024	1048576	8	4	0.109608	3260.46	0.109608	3260.45
1 	2	1024	1048576	8	0	0.090616	3345.06	0.090616	3345.45
1 	2	1024	1048576	8	1	0.087743	3354.73	0.087743	3353.38
1 	2	1024	1048576	8	2	0.08463	3346.98	0.08463	3344.68
1 	2	1024	1048576	8	3	0.092087	3342.9	0.092087	3354.81
1 	2	1024	1048576	8	4	0.084209	3353.39	0.084209	3345.95
1 	0.25	2048	4194304	1	0	1.74092	6438.18	1.74092	6438.18
1 	0.25	2048	4194304	1	1	1.74026	6438.18	1.74026	6438.18
1 	0.25	2048	4194304	1	2	1.74054	6438.18	1.74054	6438.18
1 	0.25	2048	4194304	1	3	1.74011	6438.18	1.74011	6438.18
1 	0.25	2048	4194304	1	4	1.73943	6438.18	1.73943	6438.18
1 	0.5	2048	4194304	1	0	1.3895	6458.56	1.3895	6458.56
1 	0.5	2048	4194304	1	1	1.38908	6458.56	1.38908	6458.56
1 	0.5	2048	4194304	1	2	1.38876	6458.56	1.38876	6458.56
1 	0.5	2048	4194304	1	3	1.38933	6458.56	1.38933	6458.56
1 	0.5	2048	4194304	1	4	1.38846	6458.56	1.38846	6458.56
1 	1	2048	4194304	1	0	1.1886	6519.11	1.1886	6519.11
1 	1	2048	4194304	1	1	1.18947	6519.11	1.18947	6519.11
1 	1	2048	4194304	1	2	1.18908	6519.11	1.18908	6519.11
1 	1	2048	4194304	1	3	1.18878	6519.11	1.18878	6519.11
1 	1	2048	4194304	1	4	1.18905	6519.11	1.18905	6519.11
1 	2	2048	4194304	1	0	1.07697	6690.74	1.07697	6690.74
1 	2	2048	4194304	1	1	1.07672	6690.74	1.07672	6690.74
1 	2	2048	4194304	1	2	1.07725	6690.74	1.07725	6690.74
1 	2	2048	4194304	1	3	1.07667	6690.74	1.07667	6690.74
1 	2	2048	4194304	1	4	1.07717	6690.74	1.07717	6690.74
1 	0.25	2048	4194304	2	0	1.32477	6438.15	1.32477	6438.91
1 	0.25	2048	4194304	2	1	1.32345	6439.16	1.32345	6437.69
1 	0.25	2048	4194304	2	2	1.3293	6439.43	1.3293	6437.94
1 	0.25	2048	4194304	2	3	1.31658	6438.65	1.31658	6438.94
1 	0.25	2048	4194304	2	4	1.32424	6438.15	1.32424	6438.97
1 	0.5	2048	4194304	2	0	0.96262	6456.71	0.96262	6457.04
1 	0.5	2048	4194304	2	1	0.955959	6457.61	0.955959	6457.71
1 	0.5	2048	4194304	2	2	0.965392	6457.17	0.965392	6457.68
1 	0.5	2048	4194304	2	3	0.954609	6456.71	0.954609	6457.61
1 	0.5	2048	4194304	2	4	0.953018	6458.09	0.953018	6457.21
1 	1	2048	4194304	2	0	0.767245	6520.89	0.767245	6515.14
1 	1	2048	4194304	2	1	0.772079	6517.59	0.772079	6519.86
1 	1	2048	4194304	2	2	0.764651	6518.17	0.764651	6518.11
1 	1	2048	4194304	2	3	0.772122	6514.12	0.772122	6513.05
1 	1	2048	4194304	2	4	0.773479	6516.84	0.773479	6519.11
1 	2	2048	4194304	2	0	0.656507	6685.06	0.656507	6680.87
1 	2	2048	4194304	2	1	0.655537	6680.4	0.655537	6689.6
1 	2	2048	4194304	2	2	0.664329	6685.55	0.664329	6684.35
1 	2	2048	4194304	2	3	0.66823	6687.05	0.66823	6691.05
1 	2	2048	4194304	2	4	0.659734	6687.13	0.659734	6690.59
1 	0.25	2048	4194304	3	0	1.14738	6439.19	1.14738	6438.43
1 	0.25	2048	4194304	3	1	1.15701	6437.98	1.15701	6439.19
1 	0.25	2048	4194304	3	2	1.14593	6438.84	1.14593	6439
1 	0.25	2048	4194304	3	3	1.15043	6437.87	1.15043	6438.89
1 	0.25	2048	4194304	3	4	1.14573	6438.6	1.14573	6439.19
1 	0.5	2048	4194304	3	0	0.786524	6457.05	0.786524	6457.21
1 	0.5	2048	4194304	3	1	0.797151	6457.06	0.797151	6459.6
1 	0.5	2048	4194304	3	2	0.80026	6459.62	0.80026	6457.68
1 	0.5	2048	4194304	3	3	0.789412	6458.55	0.789412	6457.52
1 	0.5	2048	4194304	3	4	0.797744	6456.55	0.797744	6458.09
1 	1	2048	4194304	3	0	0.610139	6515.47	0.610139	6516.85
1 	1	2048	4194304	3	1	0.601519	6517.06	0.601519	6516.1
1 	1	2048	4194304	3	2	0.607959	6518.13	0.607959	6514.11
1 	1	2048	4194304	3	3	0.607129	6518.12	0.607129	6517.11
1 	1	2048	4194304	3	4	0.600138	6516.12	0.600138	6514.03
1 	2	2048	4194304	3	0	0.497715	6687.13	0.497715	6688.74
1 	2	2048	4194304	3	1	0.495506	6683.08	0.495506	6691.13
1 	2	2048	4194304	3	2	0.49836	6689.11	0.49836	6692.13
1 	2	2048	4194304	3	3	0.505555	6686.9	0.505555	6689.57
1 	2	2048	4194304	3	4	0.495823	6684.71	0.495823	6687.11
1 	0.25	2048	4194304	4	0	1.05256	6438.94	1.05256	6439.42
1 	0.25	2048	4194304	4	1	1.05218	6438.68	1.05218	6438.67
1 	0.25	2048	4194304	4	2	1.04289	6438.9	1.04289	6439.19
1 	0.25	2048	4194304	4	3	1.04299	6438.19	1.04299	6438.68
1 	0.25	2048	4194304	4	4	1.04222	6439.43	1.04222	6439.68
1 	0.5	2048	4194304	4	0	0.703915	6457.06	0.703915	6460.59
1 	0.5	2048	4194304	4	1	0.693948	6457.05	0.693948	6457.57
1 	0.5	2048	4194304	4	2	0.703091	6456.71	0.703091	6458.17
1 	0.5	2048	4194304	4	3	0.702821	6457.21	0.702821	6459.05
1 	0.5	2048	4194304	4	4	0.702625	6455.71	0.702625	6459.04
1 	1	2048	4194304	4	0	0.512849	6514.7	0.512849	6517.14
1 	1	2048	4194304	4	1	0.514588	6519.54	0.514588	6515.11
1 	1	2048	4194304	4	2	0.514516	6515.02	0.514516	6520.12
1 	1	2048	4194304	4	3	0.512779	6518.95	0.512779	6514.05
1 	1	2048	4194304	4	4	0.513143	6515.11	0.513143	6513.46
1 	2	2048	4194304	4	0	0.429172	6684.5	0.429172	6681.61
1 	2	2048	4194304	4	1	0.425645	6689.09	0.425645	6687.09
1 	2	2048	4194304	4	2	0.415849	6687.14	0.415849	6687.61
1 	2	2048	4194304	4	3	0.428955	6685.93	0.428955	6690.73
1 	2	2048	4194304	4	4	0.415994	6685.18	0.415994	6693.14
1 	0.25	2048	4194304	5	0	0.980274	6438.6	0.980274	6439.5
1 	0.25	2048	4194304	5	1	0.967518	6438.92	0.967518	6438.88
1 	0.25	2048	4194304	5	2	0.95694	6439.04	0.95694	6438.68
1 	0.25	2048	4194304	5	3	0.96217	6439.6	0.96217	6440.09
1 	0.25	2048	4194304	5	4	0.974519	6439.23	0.974519	6439.54
1 	0.5	2048	4194304	5	0	0.634862	6456.71	0.634862	6459.65
1 	0.5	2048	4194304	5	1	0.63248	6455.72	0.63248	6460.09
1 	0.5	2048	4194304	5	2	0.649574	6458.47	0.649574	6457.01
1 	0.5	2048	4194304	5	3	0.650241	6456.71	0.650241	6459.06
1 	0.5	2048	4194304	5	4	0.636814	6458.71	0.636814	6457.4
1 	1	2048	4194304	5	0	0.474243	6515.76	0.474243	6519.02
1 	1	2048	4194304	5	1	0.472905	6513.59	0.472905	6516.16
1 	1	2048	4194304	5	2	0.475324	6521.13	0.475324	6517.18
1 	1	2048	4194304	5	3	0.461907	6518.09	0.461907	6519.66
1 	1	2048	4194304	5	4	0.47282	6517.58	0.47282	6519.21
1 	2	2048	4194304	5	0	0.372044	6683.53	0.372044	6691.16
1 	2	2048	4194304	5	1	0.371421	6685.13	0.371421	6683
1 	2	2048	4194304	5	2	0.368037	6684.7	0.368037	6687.67
1 	2	2048	4194304	5	3	0.381468	6695.61	0.381468	6680.79
1 	2	2048	4194304	5	4	0.371617	6680.94	0.371617	6680.73
1 	0.25	2048	4194304	6	0	0.910951	6438.44	0.910951	6439.93
1 	0.25	2048	4194304	6	1	0.924889	6438.94	0.924889	6439.39
1 	0.25	2048	4194304	6	2	0.910064	6439.68	0.910064	6438.64
1 	0.25	2048	4194304	6	3	0.925805	6440.43	0.925805	6438.93
1 	0.25	2048	4194304	6	4	0.927486	6438.8	0.927486	6438.8
1 	0.5	2048	4194304	6	0	0.609041	6459.21	0.609041	6458.62
1 	0.5	2048	4194304	6	1	0.590133	6457.21	0.590133	6459.06
1 	0.5	2048	4194304	6	2	0.586858	6457.04	0.586858	6456.71
1 	0.5	2048	4194304	6	3	0.612082	6460.12	0.612082	6457.55
1 	0.5	2048	4194304	6	4	0.595916	6458.7	0.595916	6458.55
1 	1	2048	4194304	6	0	0.427332	6521.17	0.427332	6515.05
1 	1	2048	4194304	6	1	0.439418	6516.69	0.439418	6518.13
1 	1	2048	4194304	6	2	0.445597	6517.7	0.445597	6516.09
1 	1	2048	4194304	6	3	0.42685	6519.9	0.42685	6513.06
1 	1	2048	4194304	6	4	0.442648	6518.96	0.442648	6516.87
1 	2	2048	4194304	6	0	0.354343	6690.16	0.354343	6688.99
1 	2	2048	4194304	6	1	0.342227	6679.19	0.342227	6695.1
1 	2	2048	4194304	6	2	0.342583	6684.74	0.342583	6684.5
1 	2	2048	4194304	6	3	0.34175	6684.91	0.34175	6691.19
1 	2	2048	4194304	6	4	0.35554	6685.04	0.35554	6685.17
1 	0.25	2048	4194304	7	0	0.891849	6439.7	0.891849	6439.67
1 	0.25	2048	4194304	7	1	0.866623	6440.61	0.866623	6439.44
1 	0.25	2048	4194304	7	2	0.867165	6439.68	0.867165	6438.48
1 	0.25	2048	4194304	7	3	0.868168	6439.16	0.868168	6438.68
1 	0.25	2048	4194304	7	4	0.888826	6439.66	0.888826	6438.78
1 	0.5	2048	4194304	7	0	0.565211	6458.17	0.565211	6459.08
1 	0.5	2048	4194304	7	1	0.581849	6457.72	0.581849	6458.69
1 	0.5	2048	4194304	7	2	0.583066	6457.67	0.583066	6462.12
1 	0.5	2048	4194304	7	3	0.580956	6460.11	0.580956	6459.18
1 	0.5	2048	4194304	7	4	0.582856	6457.97	0.582856	6457.21
1 	1	2048	4194304	7	0	0.402623	6521.19	0.402623	6520.08
1 	1	2048	4194304	7	1	0.403076	6521.1	0.403076	6516.67
1 	1	2048	4194304	7	2	0.402123	6521.88	0.402123	6521.02
1 	1	2048	4194304	7	3	0.421711	6515.09	0.421711	6517.08
1 	1	2048	4194304	7	4	0.422167	6513.99	0.422167	6516.16
1 	2	2048	4194304	7	0	0.338103	6687.02	0.338103	6679.58
1 	2	2048	4194304	7	1	0.316402	6693.58	0.316402	6686.96
1 	2	2048	4194304	7	2	0.338944	6693.14	0.338944	6685.17
1 	2	2048	4194304	7	3	0.339062	6688.85	0.339062	6690.69
1 	2	2048	4194304	7	4	0.335121	6687.15	0.335121	6686.03
1 	0.25	2048	4194304	8	0	0.835922	6440.43	0.835922	6439.43
1 	0.25	2048	4194304	8	1	0.834792	6439.4	0.834792	6439.4
1 	0.25	2048	4194304	8	2	0.858848	6439.43	0.858848	6439.67
1 	0.25	2048	4194304	8	3	0.833175	6439.03	0.833175	6440.18
1 	0.25	2048	4194304	8	4	0.836335	6439.55	0.836335	6439.73
1 	0.5	2048	4194304	8	0	0.546248	6457.05	0.546248	6458.01
1 	0.5	2048	4194304	8	1	0.543658	6458.54	0.543658	6457.71
1 	0.5	2048	4194304	8	2	0.565023	6458.47	0.565023	6456.54
1 	0.5	2048	4194304	8	3	0.543927	6461.17	0.543927	6458.62
1 	0.5	2048	4194304	8	4	0.546048	6457.6	0.546048	6458.62
1 	1	2048	4194304	8	0	0.391075	6519.02	0.391075	6517.19
1 	1	2048	4194304	8	1	0.385455	6513.18	0.385455	6517.03
1 	1	2048	4194304	8	2	0.411359	6522.12	0.411359	6516.98
1 	1	2048	4194304	8	3	0.408476	6515.72	0.408476	6519.7
1 	1	2048	4194304	8	4	0.412809	6518.01	0.412809	6515.18
1 	2	2048	4194304	8	0	0.300054	6686.41	0.300054	6694.39
1 	2	2048	4194304	8	1	0.315325	6688.75	0.315325	6677.13
1 	2	2048	4194304	8	2	0.330318	6681.67	0.330318	6684.69
1 	2	2048	4194304	8	3	0.328043	6683.52	0.328043	6685.13
1 	2	2048	4194304	8	4	0.314447	6681.61	0.314447	6687.03
1 	0.25	4096	16777216	1	0	7.35289	12864.7	7.35289	12864.7
1 	0.25	4096	16777216	1	1	7.35441	12864.7	7.35441	12864.7
1 	0.25	4096	16777216	1	2	7.35518	12864.7	7.35518	12864.7
1 	0.25	4096	16777216	1	3	7.3554	12864.7	7.3554	12864.7
1 	0.25	4096	16777216	1	4	7.35396	12864.7	7.35396	12864.7
1 	0.5	4096	16777216	1	0	5.7941	12904.6	5.7941	12904.6
1 	0.5	4096	16777216	1	1	5.79156	12904.6	5.79156	12904.6
1 	0.5	4096	16777216	1	2	5.79537	12904.6	5.79537	12904.6
1 	0.5	4096	16777216	1	3	5.79138	12904.6	5.79138	12904.6
1 	0.5	4096	16777216	1	4	5.79196	12904.6	5.79196	12904.6
1 	1	4096	16777216	1	0	4.91054	13019.1	4.91054	13019.1
1 	1	4096	16777216	1	1	4.91528	13019.1	4.91528	13019.1
1 	1	4096	16777216	1	2	4.91599	13019.1	4.91599	13019.1
1 	1	4096	16777216	1	3	4.91512	13019.1	4.91512	13019.1
1 	1	4096	16777216	1	4	4.91583	13019.1	4.91583	13019.1
1 	2	4096	16777216	1	0	4.40876	13362.8	4.40876	13362.8
1 	2	4096	16777216	1	1	4.40848	13362.8	4.40848	13362.8
1 	2	4096	16777216	1	2	4.40487	13362.8	4.40487	13362.8
1 	2	4096	16777216	1	3	4.40987	13362.8	4.40987	13362.8
1 	2	4096	16777216	1	4	4.40887	13362.8	4.40887	13362.8
1 	0.25	4096	16777216	2	0	5.37994	12865.9	5.37994	12864.7
1 	0.25	4096	16777216	2	1	5.38054	12866.2	5.38054	12865.5
1 	0.25	4096	16777216	2	2	5.38753	12864.8	5.38753	12865.4
1 	0.25	4096	16777216	2	3	5.37664	12864.4	5.37664	12864.6
1 	0.25	4096	16777216	2	4	5.3811	12865.6	5.3811	12865.4
1 	0.5	4096	16777216	2	0	3.86476	12904.2	3.86476	12903.7
1 	0.5	4096	16777216	2	1	3.86251	12903	3.86251	12905.9
1 	0.5	4096	16777216	2	2	3.86969	12904.1	3.86969	12903.1
1 	0.5	4096	16777216	2	3	3.86478	12901.5	3.86478	12905.6
1 	0.5	4096	16777216	2	4	3.86835	12905.5	3.86835	12903
1 	1	4096	16777216	2	0	3.07896	13021.8	3.07896	13019.9
1 	1	4096	16777216	2	1	3.08484	13022.4	3.08484	13020.4
1 	1	4096	16777216	2	2	3.09096	13024.2	3.09096	13021.9
1 	1	4096	16777216	2	3	3.0815	13019.2	3.0815	13025
1 	1	4096	16777216	2	4	3.08363	13018	3.08363	13020.8
1 	2	4096	16777216	2	0	2.66162	13363.2	2.66162	13350.8
1 	2	4096	16777216	2	1	2.66641	13367.2	2.66641	13357.4
1 	2	4096	16777216	2	2	2.65584	13350.9	2.65584	13353.7
1 	2	4096	16777216	2	3	2.66661	13370.4	2.66661	13350.8
1 	2	4096	16777216	2	4	2.6625	13357	2.6625	13360.6
1 	0.25	4096	16777216	3	0	4.7023	12865.5	4.7023	12866.2
1 	0.25	4096	16777216	3	1	4.70671	12864.6	4.70671	12865.3
1 	0.25	4096	16777216	3	2	4.68622	12865.7	4.68622	12865.1
1 	0.25	4096	16777216	3	3	4.66807	12864.3	4.66807	12864.5
1 	0.25	4096	16777216	3	4	4.70676	12866.2	4.70676	12866.1
1 	0.5	4096	16777216	3	0	3.18093	12905.2	3.18093	12902.5
1 	0.5	4096	16777216	3	1	3.17788	12903.6	3.17788	12902.2
1 	0.5	4096	16777216	3	2	3.16603	12906	3.16603	12906.5
1 	0.5	4096	16777216	3	3	3.18244	12906	3.18244	12904.6
1 	0.5	4096	16777216	3	4	3.16791	12901.1	3.16791	12906.7
1 	1	4096	16777216	3	0	2.4016	13023.7	2.4016	13018.2
1 	1	4096	16777216	3	1	2.38623	13017.9	2.38623	13023
1 	1	4096	16777216	3	2	2.39474	13021.4	2.39474	13020.5
1 	1	4096	16777216	3	3	2.38767	13025.6	2.38767	13019.5
1 	1	4096	16777216	3	4	2.39824	13026.7	2.39824	13024.9
1 	2	4096	16777216	3	0	1.99207	13354.7	1.99207	13361.1
1 	2	4096	16777216	3	1	1.9941	13362.9	1.9941	13361.1
1 	2	4096	16777216	3	2	1.99478	13357.2	1.99478	13361.2
1 	2	4096	16777216	3	3	1.99758	13364.3	1.99758	13363.6
1 	2	4096	16777216	3	4	1.99364	13356	1.99364	13354
1 	0.25	4096	16777216	4	0	4.2389	12866	4.2389	12865.9
1 	0.25	4096	16777216	4	1	4.20486	12865.6	4.20486	12865.5
1 	0.25	4096	16777216	4	2	4.21698	12865.4	4.21698	12863.7
1 	0.25	4096	16777216	4	3	4.19228	12865	4.19228	12865.7
1 	0.25	4096	16777216	4	4	4.20903	12865.5	4.20903	12865.1
1 	0.5	4096	16777216	4	0	2.78717	12905.6	2.78717	12905.6
1 	0.5	4096	16777216	4	1	2.77458	12905.4	2.77458	12903.7
1 	0.5	4096	16777216	4	2	2.77621	12904	2.77621	12904.1
1 	0.5	4096	16777216	4	3	2.78203	12906.1	2.78203	12902.6
1 	0.5	4096	16777216	4	4	2.77663	12903.9	2.77663	12902.9
1 	1	4096	16777216	4	0	2.0351	13021.9	2.0351	13021
1 	1	4096	16777216	4	1	2.03792	13025.8	2.03792	13021.6
1 	1	4096	16777216	4	2	2.03188	13014	2.03188	13018.7
1 	1	4096	16777216	4	3	2.03615	13021.4	2.03615	13021.5
1 	1	4096	16777216	4	4	2.03329	13020.2	2.03329	13026.4
1 	2	4096	16777216	4	0	1.66016	13357.9	1.66016	13359.3
1 	2	4096	16777216	4	1	1.65285	13344.5	1.65285	13361.5
1 	2	4096	16777216	4	2	1.65535	13365.4	1.65535	13364.1
1 	2	4096	16777216	4	3	1.64919	13351.1	1.64919	13369.1
1 	2	4096	16777216	4	4	1.6534	13367	1.6534	13358.1
1 	0.25	4096	16777216	5	0	3.89087	12864.2	3.89087	12865.9
1 	0.25	4096	16777216	5	1	3.89213	12865.4	3.89213	12865.6
1 	0.25	4096	16777216	5	2	3.89174	12864.9	3.89174	12865.1
1 	0.25	4096	16777216	5	3	3.88155	12865.9	3.88155	12864.6
1 	0.25	4096	16777216	5	4	3.87696	12867.6	3.87696	12865.1
1 	0.5	4096	16777216	5	0	2.5293	12901.5	2.5293	12903.7
1 	0.5	4096	16777216	5	1	2.52304	12906.2	2.52304	12906.6
1 	0.5	4096	16777216	5	2	2.54106	12905.4	2.54106	12905.4
1 	0.5	4096	16777216	5	3	2.52902	12903.5	2.52902	12903.5
1 	0.5	4096	16777216	5	4	2.53129	12905.6	2.53129	12904.1
1 	1	4096	16777216	5	0	1.81134	13023.4	1.81134	13020.4
1 	1	4096	16777216	5	1	1.81603	13019	1.81603	13023.4
1 	1	4096	16777216	5	2	1.8164	13026	1.8164	13023.7
1 	1	4096	16777216	5	3	1.81373	13022.3	1.81373	13018.8
1 	1	4096	16777216	5	4	1.82141	13024	1.82141	13021.2
1 	2	4096	16777216	5	0	1.46114	13356.2	1.46114	13354
1 	2	4096	16777216	5	1	1.44842	13360.8	1.44842	13359.3
1 	2	4096	16777216	5	2	1.44836	13352.3	1.44836	13364.9
1 	2	4096	16777216	5	3	1.45435	13361.8	1.45435	13358.8
1 	2	4096	16777216	5	4	1.45834	13351.6	1.45834	13355.3
1 	0.25	4096	16777216	6	0	3.63485	12865.9	3.63485	12864.7
1 	0.25	4096	16777216	6	1	3.62759	12866.1	3.62759	12865.1
1 	0.25	4096	16777216	6	2	3.64237	12865.4	3.64237	12865.2
1 	0.25	4096	16777216	6	3	3.63458	12867.1	3.63458	12865.9
1 	0.25	4096	16777216	6	4	3.64243	12865.9	3.64243	12865.7
1 	0.5	4096	16777216	6	0	2.35914	12904.7	2.35914	12904.2
1 	0.5	4096	16777216	6	1	2.36102	12906.1	2.36102	12902.6
1 	0.5	4096	16777216	6	2	2.35054	12906.1	2.35054	12904
1 	0.5	4096	16777216	6	3	2.35696	12903.5	2.35696	12903.6
1 	0.5	4096	16777216	6	4	2.35381	12907.4	2.35381	12905
1 	1	4096	16777216	6	0	1.6695	13024.9	1.6695	13024.1
1 	1	4096	16777216	6	1	1.67996	13019.7	1.67996	13017.2
1 	1	4096	16777216	6	2	1.67067	13021.8	1.67067	13020.2
1 	1	4096	16777216	6	3	1.66881	13024.7	1.66881	13021.5
1 	1	4096	16777216	6	4	1.67944	13024.5	1.67944	13022.3
1 	2	4096	16777216	6	0	1.33806	13351.4	1.33806	13359.2
1 	2	4096	16777216	6	1	1.34888	13358.5	1.34888	13356.1
1 	2	4096	16777216	6	2	1.31513	13364.8	1.31513	13358.9
1 	2	4096	16777216	6	3	1.31269	13366.3	1.31269	13366.2
1 	2	4096	16777216	6	4	1.33377	13351.2	1.33377	13355.2
1 	0.25	4096	16777216	7	0	3.43059	12864.4	3.43059	12865.9
1 	0.25	4096	16777216	7	1	3.42832	12866.9	3.42832	12865.8
1 	0.25	4096	16777216	7	2	3.42803	12865.6	3.42803	12865.9
1 	0.25	4096	16777216	7	3	3.43386	12865.4	3.43386	12866.1
1 	0.25	4096	16777216	7	4	3.43368	12867.2	3.43368	12865.7
1 	0.5	4096	16777216	7	0	2.23344	12905	2.23344	12903
1 	0.5	4096	16777216	7	1	2.22049	12904.6	2.22049	12905.6
1 	0.5	4096	16777216	7	2	2.23038	12904.6	2.23038	12907.3
1 	0.5	4096	16777216	7	3	2.23612	12905.4	2.23612	12903.2
1 	0.5	4096	16777216	7	4	2.22738	12906.6	2.22738	12905.6
1 	1	4096	16777216	7	0	1.55396	13022.1	1.55396	13019.6
1 	1	4096	16777216	7	1	1.57909	13015.3	1.57909	13019
1 	1	4096	16777216	7	2	1.56481	13026.1	1.56481	13019.6
1 	1	4096	16777216	7	3	1.5553	13018.2	1.5553	13023.9
1 	1	4096	16777216	7	4	1.58746	13025.7	1.58746	13019.5
1 	2	4096	16777216	7	0	1.22702	13362.9	1.22702	13362.2
1 	2	4096	16777216	7	1	1.22368	13361.6	1.22368	13359.4
1 	2	4096	16777216	7	2	1.22236	13352.8	1.22236	13352.4
1 	2	4096	16777216	7	3	1.2201	13356.1	1.2201	13362.7
1 	2	4096	16777216	7	4	1.23039	13361.5	1.23039	13356.8
1 	0.25	4096	16777216	8	0	3.26898	12865.9	3.26898	12867.1
1 	0.25	4096	16777216	8	1	3.28018	12868.3	3.28018	12866.1
1 	0.25	4096	16777216	8	2	3.26379	12865.7	3.26379	12864.5
1 	0.25	4096	16777216	8	3	3.26062	12865.5	3.26062	12866.5
1 	0.25	4096	16777216	8	4	3.27958	12866.4	3.27958	12866.7
1 	0.5	4096	16777216	8	0	2.12506	12906.3	2.12506	12907.2
1 	0.5	4096	16777216	8	1	2.12333	12905.6	2.12333	12905.1
1 	0.5	4096	16777216	8	2	2.1465	12907	2.1465	12904.1
1 	0.5	4096	16777216	8	3	2.12486	12903	2.12486	12906
1 	0.5	4096	16777216	8	4	2.12624	12907.1	2.12624	12904.6
1 	1	4096	16777216	8	0	1.52339	13019.4	1.52339	13026.3
1 	1	4096	16777216	8	1	1.49071	13027.4	1.49071	13025.2
1 	1	4096	16777216	8	2	1.51768	13023.1	1.51768	13021.6
1 	1	4096	16777216	8	3	1.523	13025.3	1.523	13022.1
1 	1	4096	16777216	8	4	1.48266	13023	1.48266	13022
1 	2	4096	16777216	8	0	1.22464	13359.4	1.22464	13361.1
1 	2	4096	16777216	8	1	1.21755	13355.6	1.21755	13361.7
1 	2	4096	16777216	8	2	1.15972	13359.2	1.15972	13365.2
1 	2	4096	16777216	8	3	1.17942	13363	1.17942	13361.7
1 	2	4096	16777216	8	4	1.16356	13367	1.16356	13359.4
2 	0.25	128	16384	1	0	0.001777	200.076	0.001777	200.076
2 	0.25	128	16384	1	1	0.001752	200.076	0.001752	200.076
2 	0.25	128	16384	1	2	0.001757	200.076	0.001757	200.076
2 	0.25	128	16384	1	3	0.001752	200.076	0.001752	200.076
2 	0.25	128	16384	1	4	0.001758	200.076	0.001758	200.076
2 	0.5	128	16384	1	0	0.001448	201.047	0.001448	201.047
2 	0.5	128	16384	1	1	0.001447	201.047	0.001447	201.047
2 	0.5	128	16384	1	2	0.001455	201.047	0.001455	201.047
2 	0.5	128	16384	1	3	0.001451	201.047	0.001451	201.047
2 	0.5	128	16384	1	4	0.001452	201.047	0.001452	201.047
2 	1	128	16384	1	0	0.001187	203.133	0.001187	203.133
2 	1	128	16384	1	1	0.001191	203.133	0.001191	203.133
2 	1	128	16384	1	2	0.001189	203.133	0.001189	203.133
2 	1	128	16384	1	3	0.001183	203.133	0.001183	203.133
2 	1	128	16384	1	4	0.001183	203.133	0.001183	203.133
2 	2	128	16384	1	0	0.001237	209.66	0.001237	209.66
2 	2	128	16384	1	1	0.001237	209.66	0.001237	209.66
2 	2	128	16384	1	2	0.001246	209.66	0.001246	209.66
2 	2	128	16384	1	3	0.001243	209.66	0.001243	209.66
2 	2	128	16384	1	4	0.001236	209.66	0.001236	209.66
2 	0.25	128	16384	2	0	0.002546	199.811	0.002546	199.789
2 	0.25	128	16384	2	1	0.002105	200.023	0.002105	199.964
2 	0.25	128	16384	2	2	0.00213	199.811	0.00213	199.816
2 	0.25	128	16384	2	3	0.002092	199.781	0.002092	199.816
2 	0.25	128	16384	2	4	0.00206	199.84	0.00206	200.078
2 	0.5	128	16384	2	0	0.001454	200.557	0.001454	201.144
2 	0.5	128	16384	2	1	0.001614	200.823	0.001614	201.403
2 	0.5	128	16384	2	2	0.001497	200.505	0.001497	200.64
2 	0.5	128	16384	2	3	0.001587	201.005	0.001587	201.626
2 	0.5	128	16384	2	4	0.001719	201.572	0.001719	201.126
2 	1	128	16384	2	0	0.001397	204.429	0.001397	204.838
2 	1	128	16384	2	1	0.001342	205.065	0.001342	204.072
2 	1	128	16384	2	2	0.001246	203.146	0.001246	204.019
2 	1	128	16384	2	3	0.001523	204.865	0.001523	203.509
2 	1	128	16384	2	4	0.001206	203.066	0.001206	204.06
2 	2	128	16384	2	0	0.001229	211.571	0.001229	209.217
2 	2	128	16384	2	1	0.001161	211.845	0.001161	210.115
2 	2	128	16384	2	2	0.001233	209.88	0.001233	207.869
2 	2	128	16384	2	3	0.001332	209.251	0.001332	209.307
2 	2	128	16384	2	4	0.001189	208.357	0.001189	210.816
2 	0.25	128	16384	3	0	0.002205	199.866	0.002205	199.778
2 	0.25	128	16384	3	1	0.002044	199.783	0.002044	200.053
2 	0.25	128	16384	3	2	0.002058	200.073	0.002058	200.077
2 	0.25	128	16384	3	3	0.002024	199.836	0.002024	200.036
2 	0.25	128	16384	3	4	0.002136	199.797	0.002136	200.067
2 	0.5	128	16384	3	0	0.001483	201.013	0.001483	201.41
2 	0.5	128	16384	3	1	0.001454	200.916	0.001454	200.998
2 	0.5	128	16384	3	2	0.001651	201.418	0.001651	200.821
2 	0.5	128	16384	3	3	0.001425	200.412	0.001425	200.646
2 	0.5	128	16384	3	4	0.001379	200.555	0.001379	200.646
2 	1	128	16384	3	0	0.001195	204.062	0.001195	203.322
2 	1	128	16384	3	1	0.001199	203.146	0.001199	203.029
2 	1	128	16384	3	2	0.001136	203.09	0.001136	204.06
2 	1	128	16384	3	3	0.001302	204.315	0.001302	203.984
2 	1	128	16384	3	4	0.001216	203.333	0.001216	203.745
2 	2	128	16384	3	0	0.001083	210.082	0.001083	210.134
2 	2	128	16384	3	1	0.001058	210.739	0.001058	208.924
2 	2	128	16384	3	2	0.001124	210.116	0.001124	209.978
2 	2	128	16384	3	3	0.001068	211.908	0.001068	211.542
2 	2	128	16384	3	4	0.001068	208.563	0.001068	211.985
2 	0.25	128	16384	4	0	0.002114	199.895	0.002114	199.789
2 	0.25	128	16384	4	1	0.00204	199.805	0.00204	200.061
2 	0.25	128	16384	4	2	0.002029	200.069	0.002029	199.783
2 	0.25	128	16384	4	3	0.00204	199.788	0.00204	199.811
2 	0.25	128	16384	4	4	0.00196	199.846	0.00196	199.788
2 	0.5	128	16384	4	0	0.001535	201.135	0.001535	200.794
2 	0.5	128	16384	4	1	0.00142	200.987	0.00142	201.611
2 	0.5	128	16384	4	2	0.001491	200.66	0.001491	200.814
2 	0.5	128	16384	4	3	0.001499	201.251	0.001499	201.12
2 	0.5	128	16384	4	4	0.001471	201	0.001471	200.395
2 	1	128	16384	4	0	0.001111	202.799	0.001111	204.824
2 	1	128	16384	4	1	0.001178	204.05	0.001178	203.771
2 	1	128	16384	4	2	0.001211	203.939	0.001211	202.775
2 	1	128	16384	4	3	0.00126	204.31	0.00126	204.066
2 	1	128	16384	4	4	0.001257	204.856	0.001257	203.841
2 	2	128	16384	4	0	0.000932	208.682	0.000932	211.475
2 	2	128	16384	4	1	0.000922	210.061	0.000922	210.105
2 	2	128	16384	4	2	0.00087	210.136	0.00087	211.943
2 	2	128	16384	4	3	0.000909	209.976	0.000909	211.6
2 	2	128	16384	4	4	0.000888	209.507	0.000888	208.072
2 	0.25	128	16384	5	0	0.002	199.798	0.002	199.715
2 	0.25	128	16384	5	1	0.002113	200.088	0.002113	199.949
2 	0.25	128	16384	5	2	0.001972	200.045	0.001972	200.065
2 	0.25	128	16384	5	3	0.002013	200.281	0.002013	199.852
2 	0.25	128	16384	5	4	0.001994	199.806	0.001994	199.789
2 	0.5	128	16384	5	0	0.001407	201.105	0.001407	201.133
2 	0.5	128	16384	5	1	0.001352	200.909	0.001352	201.251
2 	0.5	128	16384	5	2	0.00146	200.41	0.00146	200.408
2 	0.5	128	16384	5	3	0.001418	200.816	0.001418	200.553
2 	0.5	128	16384	5	4	0.001388	200.631	0.001388	201.03
2 	1	128	16384	5	0	0.00101	204.074	0.00101	203.08
2 	1	128	16384	5	1	0.001146	204.136	0.001146	204.084
2 	1	128	16384	5	2	0.001149	204.082	0.001149	203.089
2 	1	128	16384	5	3	0.001205	204.758	0.001205	203.717
2 	1	128	16384	5	4	0.001135	204.117	0.001135	204.943
2 	2	128	16384	5	0	0.000984	210.727	0.000984	209.873
2 	2	128	16384	5	1	0.00087	209.536	0.00087	209.354
2 	2	128	16384	5	2	0.000917	211.997	0.000917	208.069
2 	2	128	16384	5	3	0.000959	212.107	0.000959	209.56
2 	2	128	16384	5	4	0.000839	210.125	0.000839	208.141
2 	0.25	128	16384	6	0	0.002062	199.836	0.002062	199.838
2 	0.25	128	16384	6	1	0.002043	200.293	0.002043	200.041
2 	0.25	128	16384	6	2	0.001916	199.782	0.001916	199.795
2 	0.25	128	16384	6	3	0.001952	199.607	0.001952	199.86
2 	0.25	128	16384	6	4	0.001906	199.813	0.001906	200.039
2 	0.5	128	16384	6	0	0.001389	201.128	0.001389	200.891
2 	0.5	128	16384	6	1	0.00142	201.616	0.00142	200.929
2 	0.5	128	16384	6	2	0.001377	201.113	0.001377	200.817
2 	0.5	128	16384	6	3	0.001466	201.57	0.001466	200.816
2 	0.5	128	16384	6	4	0.001415	201.034	0.001415	201.489
2 	1	128	16384	6	0	0.001092	204.003	0.001092	204.989
2 	1	128	16384	6	1	0.001106	203.693	0.001106	204.652
2 	1	128	16384	6	2	0.001023	203.46	0.001023	204.074
2 	1	128	16384	6	3	0.001064	203.736	0.001064	203.691
2 	1	128	16384	6	4	0.001157	203.674	0.001157	204.513
2 	2	128	16384	6	0	0.000893	212.14	0.000893	211.765
2 	2	128	16384	6	1	0.000889	210.112	0.000889	209.525
2 	2	128	16384	6	2	0.000832	209.869	0.000832	210.103
2 	2	128	16384	6	3	0.000774	208.106	0.000774	210.034
2 	2	128	16384	6	4	0.000863	210.05	0.000863	208.319
2 	0.25	128	16384	7	0	0.002193	199.831	0.002193	200.051
2 	0.25	128	16384	7	1	0.002035	200.331	0.002035	199.786
2 	0.25	128	16384	7	2	0.002078	200.022	0.002078	199.831
2 	0.25	128	16384	7	3	0.001976	199.827	0.001976	200.015
2 	0.25	128	16384	7	4	0.002005	200.328	0.002005	199.812
2 	0.5	128	16384	7	0	0.001394	201.083	0.001394	201.167
2 	0.5	128	16384	7	1	0.001365	200.823	0.001365	201.049
2 	0.5	128	16384	7	2	0.001307	200.63	0.001307	201.217
2 	0.5	128	16384	7	3	0.001405	201.143	0.001405	200.631
2 	0.5	128	16384	7	4	0.001458	201.134	0.001458	200.993
2 	1	128	16384	7	0	0.001011	204.114	0.001011	204.294
2 	1	128	16384	7	1	0.001029	204.056	0.001029	204.854
2 	1	128	16384	7	2	0.000986	203.655	0.000986	202.486
2 	1	128	16384	7	3	0.001023	204.053	0.001023	204.123
2 	1	128	16384	7	4	0.001023	203.883	0.001023	203.098
2 	2	128	16384	7	0	0.000777	209.753	0.000777	209.963
2 	2	128	16384	7	1	0.000833	209.739	0.000833	210.12
2 	2	128	16384	7	2	0.000762	210.122	0.000762	210.122
2 	2	128	16384	7	3	0.000784	210.055	0.000784	210.12
2 	2	128	16384	7	4	0.000915	211.376	0.000915	210.065
2 	0.25	128	16384	8	0	0.002138	200.086	0.002138	200.085
2 	0.25	128	16384	8	1	0.00199	200.258	0.00199	200.304
2 	0.25	128	16384	8	2	0.002151	200.323	0.002151	200.073
2 	0.25	128	16384	8	3	0.001962	200.324	0.001962	199.836
2 	0.25	128	16384	8	4	0.001979	199.786	0.001979	200.022
2 	0.5	128	16384	8	0	0.001386	201.273	0.001386	200.972
2 	0.5	128	16384	8	1	0.001362	200.785	0.001362	200.75
2 	0.5	128	16384	8	2	0.001519	201.956	0.001519	200.956
2 	0.5	128	16384	8	3	0.001394	201.16	0.001394	201.032
2 	0.5	128	16384	8	4	0.00147	201.426	0.00147	201.052
2 	1	128	16384	8	0	0.001024	204.027	0.001024	204.694
2 	1	128	16384	8	1	0.001133	204.375	0.001133	203.848
2 	1	128	16384	8	2	0.001019	203.814	0.001019	202.757
2 	1	128	16384	8	3	0.000983	203.096	0.000983	203.026
2 	1	128	16384	8	4	0.000953	203.07	0.000953	204.06
2 	2	128	16384	8	0	0.00087	210.331	0.00087	210.14
2 	2	128	16384	8	1	0.000827	211.31	0.000827	209.573
2 	2	128	16384	8	2	0.000819	210.602	0.000819	209.937
2 	2	128	16384	8	3	0.000802	210.145	0.000802	212.123
2 	2	128	16384	8	4	0.000836	211.769	0.000836	207.879
2 	0.25	256	65536	1	0	0.007147	398.693	0.007147	398.693
2 	0.25	256	65536	1	1	0.007058	398.693	0.007058	398.693
2 	0.25	256	65536	1	2	0.007053	398.693	0.007053	398.693
2 	0.25	256	65536	1	3	0.007054	398.693	0.007054	398.693
2 	0.25	256	65536	1	4	0.007053	398.693	0.007053	398.693
2 	0.5	256	65536	1	0	0.005867	400.42	0.005867	400.42
2 	0.5	256	65536	1	1	0.005867	400.42	0.005867	400.42
2 	0.5	256	65536	1	2	0.005868	400.42	0.005868	400.42
2 	0.5	256	65536	1	3	0.005872	400.42	0.005872	400.42
2 	0.5	256	65536	1	4	0.00585	400.42	0.00585	400.42
2 	1	256	65536	1	0	0.005717	407.912	0.005717	407.912
2 	1	256	65536	1	1	0.005712	407.912	0.005712	407.912
2 	1	256	65536	1	2	0.005727	407.912	0.005727	407.912
2 	1	256	65536	1	3	0.005712	407.912	0.005712	407.912
2 	1	256	65536	1	4	0.00572	407.912	0.00572	407.912
2 	2	256	65536	1	0	0.00592	421.436	0.00592	421.436
2 	2	256	65536	1	1	0.005913	421.436	0.005913	421.436
2 	2	256	65536	1	2	0.005909	421.436	0.005909	421.436
2 	2	256	65536	1	3	0.005912	421.436	0.005912	421.436
2 	2	256	65536	1	4	0.005907	421.436	0.005907	421.436
2 	0.25	256	65536	2	0	0.007779	399.012	0.007779	398.877
2 	0.25	256	65536	2	1	0.007089	398.226	0.007089	398.319
2 	0.25	256	65536	2	2	0.007163	398.691	0.007163	398.878
2 	0.25	256	65536	2	3	0.007029	398.596	0.007029	398.688
2 	0.25	256	65536	2	4	0.007165	399.183	0.007165	398.724
2 	0.5	256	65536	2	0	0.005228	400.437	0.005228	400.89
2 	0.5	256	65536	2	1	0.005745	401.433	0.005745	399.907
2 	0.5	256	65536	2	2	0.005375	400.458	0.005375	400.887
2 	0.5	256	65536	2	3	0.005216	399.976	0.005216	400.751
2 	0.5	256	65536	2	4	0.005431	400.51	0.005431	400.35
2 	1	256	65536	2	0	0.004791	407.951	0.004791	407.956
2 	1	256	65536	2	1	0.004609	406.284	0.004609	407.791
2 	1	256	65536	2	2	0.004538	405.69	0.004538	406.731
2 	1	256	65536	2	3	0.004826	407.946	0.004826	406.538
2 	1	256	65536	2	4	0.004659	406.842	0.004659	406.937
2 	2	256	65536	2	0	0.004425	419.057	0.004425	419.683
2 	2	256	65536	2	1	0.00446	418.982	0.00446	419.329
2 	2	256	65536	2	2	0.004358	421.054	0.004358	420.608
2 	2	256	65536	2	3	0.004389	419.563	0.004389	418.076
2 	2	256	65536	2	4	0.004016	416.926	0.004016	421.828
2 	0.25	256	65536	3	0	0.006742	398.839	0.006742	398.299
2 	0.25	256	65536	3	1	0.00702	398.925	0.00702	398.885
2 	0.25	256	65536	3	2	0.006745	398.681	0.006745	398.6
2 	0.25	256	65536	3	3	0.006862	398.676	0.006862	398.806
2 	0.25	256	65536	3	4	0.006909	398.665	0.006909	398.6
2 	0.5	256	65536	3	0	0.005213	400.929	0.005213	401.278
2 	0.5	256	65536	3	1	0.005199	400.653	0.005199	401.204
2 	0.5	256	65536	3	2	0.005041	400.941	0.005041	401.216
2 	0.5	256	65536	3	3	0.00484	399.459	0.00484	401.443
2 	0.5	256	65536	3	4	0.005246	400.995	0.005246	400.812
2 	1	256	65536	3	0	0.00443	407.913	0.00443	406.321
2 	1	256	65536	3	1	0.004358	406.865	0.004358	407.633
2 	1	256	65536	3	2	0.004279	406.943	0.004279	407.801
2 	1	256	65536	3	3	0.004418	406.778	0.004418	407.782
2 	1	256	65536	3	4	0.004209	406.69	0.004209	406.901
2 	2	256	65536	3	0	0.003945	421.928	0.003945	418.582
2 	2	256	65536	3	1	0.003867	419.762	0.003867	420.79
2 	2	256	65536	3	2	0.003587	417.942	0.003587	421.794
2 	2	256	65536	3	3	0.003618	417.827	0.003618	421.496
2 	2	256	65536	3	4	0.003849	420.408	0.003849	420.535
2 	0.25	256	65536	4	0	0.006677	398.67	0.006677	398.429
2 	0.25	256	65536	4	1	0.006611	398.683	0.006611	398.942
2 	0.25	256	65536	4	2	0.006606	398.671	0.006606	398.312
2 	0.25	256	65536	4	3	0.006733	398.943	0.006733	398.384
2 	0.25	256	65536	4	4	0.006815	398.742	0.006815	398.592
2 	0.5	256	65536	4	0	0.004765	399.94	0.004765	399.986
2 	0.5	256	65536	4	1	0.004874	400.478	0.004874	401.078
2 	0.5	256	65536	4	2	0.005124	401.929	0.005124	400.262
2 	0.5	256	65536	4	3	0.004855	400.529	0.004855	401.475
2 	0.5	256	65536	4	4	0.005071	401.042	0.005071	399.494
2 	1	256	65536	4	0	0.003965	406.697	0.003965	405.833
2 	1	256	65536	4	1	0.003908	406.871	0.003908	405.791
2 	1	256	65536	4	2	0.004138	407.926	0.004138	405.747
2 	1	256	65536	4	3	0.004068	406.704	0.004068	406.584
2 	1	256	65536	4	4	0.003921	405.846	0.003921	405.844
2 	2	256	65536	4	0	0.003536	419.883	0.003536	419.762
2 	2	256	65536	4	1	0.003524	421.76	0.003524	421.228
2 	2	256	65536	4	2	0.003403	421.315	0.003403	419.316
2 	2	256	65536	4	3	0.003685	420.645	0.003685	420.597
2 	2	256	65536	4	4	0.003461	419.809	0.003461	417.839
2 	0.25	256	65536	5	0	0.006675	398.905	0.006675	398.347
2 	0.25	256	65536	5	1	0.006259	398.344	0.006259	398.674
2 	0.25	256	65536	5	2	0.006474	398.644	0.006474	398.423
2 	0.25	256	65536	5	3	0.006461	398.702	0.006461	398.884
2 	0.25	256	65536	5	4	0.006386	398.657	0.006386	398.683
2 	0.5	256	65536	5	0	0.004717	400.95	0.004717	400.452
2 	0.5	256	65536	5	1	0.004777	401.142	0.004777	400.475
2 	0.5	256	65536	5	2	0.004557	400.582	0.004557	401.374
2 	0.5	256	65536	5	3	0.00477	401.244	0.00477	400.458
2 	0.5	256	65536	5	4	0.004802	400.821	0.004802	400.792
2 	1	256	65536	5	0	0.00396	407.85	0.00396	406.8
2 	1	256	65536	5	1	0.003842	406.097	0.003842	406.282
2 	1	256	65536	5	2	0.004185	408.406	0.004185	406.903
2 	1	256	65536	5	3	0.003863	406.006	0.003863	406.896
2 	1	256	65536	5	4	0.003795	406.282	0.003795	407.566
2 	2	256	65536	5	0	0.003404	420.097	0.003404	418.394
2 	2	256	65536	5	1	0.003208	417.454	0.003208	419.053
2 	2	256	65536	5	2	0.003237	417.857	0.003237	421.479
2 	2	256	65536	5	3	0.003306	418.538	0.003306	418.22
2 	2	256	65536	5	4	0.003083	419.828	0.003083	419.888
2 	0.25	256	65536	6	0	0.00772	399.165	0.00772	398.95
2 	0.25	256	65536	6	1	0.006274	398.562	0.006274	398.694
2 	0.25	256	65536	6	2	0.006407	398.879	0.006407	398.688
2 	0.25	256	65536	6	3	0.006405	398.684	0.006405	398.223
2 	0.25	256	65536	6	4	0.006545	399.201	0.006545	398.754
2 	0.5	256	65536	6	0	0.004845	401.246	0.004845	400.945
2 	0.5	256	65536	6	1	0.004349	399.942	0.004349	400.993
2 	0.5	256	65536	6	2	0.004658	400.83	0.004658	400.969
2 	0.5	256	65536	6	3	0.004506	400.935	0.004506	400.941
2 	0.5	256	65536	6	4	0.004691	400.885	0.004691	400.468
2 	1	256	65536	6	0	0.003592	406.583	0.003592	406.89
2 	1	256	65536	6	1	0.003897	408.17	0.003897	406.844
2 	1	256	65536	6	2	0.003724	407.788	0.003724	406.763
2 	1	256	65536	6	3	0.003905	407.652	0.003905	407.702
2 	1	256	65536	6	4	0.00381	407.576	0.00381	406.971
2 	2	256	65536	6	0	0.003285	421.895	0.003285	421.774
2 	2	256	65536	6	1	0.003298	419.109	0.003298	419.342
2 	2	256	65536	6	2	0.003507	420.103	0.003507	419.071
2 	2	256	65536	6	3	0.003371	421.761	0.003371	419.054
2 	2	256	65536	6	4	0.003121	419.778	0.003121	420.034
2 	0.25	256	65536	7	0	0.006694	398.642	0.006694	398.321
2 	0.25	256	65536	7	1	0.006317	398.344	0.006317	398.915
2 	0.25	256	65536	7	2	0.006318	398.661	0.006318	398.933
2 	0.25	256	65536	7	3	0.006413	398.796	0.006413	399.143
2 	0.25	256	65536	7	4	0.006368	398.654	0.006368	398.589
2 	0.5	256	65536	7	0	0.004749	400.943	0.004749	401.938
2 	0.5	256	65536	7	1	0.004787	401.252	0.004787	400.859
2 	0.5	256	65536	7	2	0.004555	400.052	0.004555	401.735
2 	0.5	256	65536	7	3	0.004697	400.95	0.004697	400.568
2 	0.5	256	65536	7	4	0.004806	401.283	0.004806	400.979
2 	1	256	65536	7	0	0.003773	406.951	0.003773	408.324
2 	1	256	65536	7	1	0.003852	406.876	0.003852	406.345
2 	1	256	65536	7	2	0.003835	407.396	0.003835	407.935
2 	1	256	65536	7	3	0.004082	407.608	0.004082	406.85
2 	1	256	65536	7	4	0.003665	406.764	0.003665	406.53
2 	2	256	65536	7	0	0.003363	420.427	0.003363	421.821
2 	2	256	65536	7	1	0.003077	419.705	0.003077	419.512
2 	2	256	65536	7	2	0.003042	419.953	0.003042	421.396
2 	2	256	65536	7	3	0.003171	421.707	0.003171	419.219
2 	2	256	65536	7	4	0.003159	419.068	0.003159	419.745
2 	0.25	256	65536	8	0	0.008058	398.89	0.008058	398.57
2 	0.25	256	65536	8	1	0.006507	399.164	0.006507	399.001
2 	0.25	256	65536	8	2	0.00635	398.916	0.00635	398.858
2 	0.25	256	65536	8	3	0.00669	399.409	0.00669	399.006
2 	0.25	256	65536	8	4	0.006446	398.932	0.006446	398.373
2 	0.5	256	65536	8	0	0.004632	400.83	0.004632	400.908
2 	0.5	256	65536	8	1	0.004505	400.861	0.004505	401.298
2 	0.5	256	65536	8	2	0.004797	400.963	0.004797	400.472
2 	0.5	256	65536	8	3	0.004808	401.44	0.004808	400.9
2 	0.5	256	65536	8	4	0.004857	401.337	0.004857	400.503
2 	1	256	65536	8	0	0.003739	406.503	0.003739	408.657
2 	1	256	65536	8	1	0.003609	406.169	0.003609	407.493
2 	1	256	65536	8	2	0.003714	406.715	0.003714	405.522
2 	1	256	65536	8	3	0.003735	406.479	0.003735	407.856
2 	1	256	65536	8	4	0.003938	407.631	0.003938	406.567
2 	2	256	65536	8	0	0.00328	418.86	0.00328	423.23
2 	2	256	65536	8	1	0.003277	421.92	0.003277	417.112
2 	2	256	65536	8	2	0.003258	421.834	0.003258	419.37
2 	2	256	65536	8	3	0.003054	417.913	0.003054	421.271
2 	2	256	65536	8	4	0.003423	423.258	0.003423	421.776
2 	0.25	512	262144	1	0	0.045068	798.568	0.045068	798.568
2 	0.25	512	262144	1	1	0.044655	798.568	0.044655	798.568
2 	0.25	512	262144	1	2	0.044579	798.568	0.044579	798.568
2 	0.25	512	262144	1	3	0.044582	798.568	0.044582	798.568
2 	0.25	512	262144	1	4	0.044532	798.568	0.044532	798.568
2 	0.5	512	262144	1	0	0.039664	802.83	0.039664	802.83
2 	0.5	512	262144	1	1	0.039711	802.83	0.039711	802.83
2 	0.5	512	262144	1	2	0.039732	802.83	0.039732	802.83
2 	0.5	512	262144	1	3	0.039679	802.83	0.039679	802.83
2 	0.5	512	262144	1	4	0.039676	802.83	0.039676	802.83
2 	1	512	262144	1	0	0.038774	813.782	0.038774	813.782
2 	1	512	262144	1	1	0.038839	813.782	0.038839	813.782
2 	1	512	262144	1	2	0.03882	813.782	0.03882	813.782
2 	1	512	262144	1	3	0.038882	813.782	0.038882	813.782
2 	1	512	262144	1	4	0.038807	813.782	0.038807	813.782
2 	2	512	262144	1	0	0.040113	838.927	0.040113	838.927
2 	2	512	262144	1	1	0.040118	838.927	0.040118	838.927
2 	2	512	262144	1	2	0.040085	838.927	0.040085	838.927
2 	2	512	262144	1	3	0.040028	838.927	0.040028	838.927
2 	2	512	262144	1	4	0.040034	838.927	0.040034	838.927
2 	0.25	512	262144	2	0	0.031932	798.465	0.031932	798.56
2 	0.25	512	262144	2	1	0.031284	798.551	0.031284	798.018
2 	0.25	512	262144	2	2	0.03188	798.966	0.03188	798.061
2 	0.25	512	262144	2	3	0.031453	798.516	0.031453	798.034
2 	0.25	512	262144	2	4	0.031518	798.519	0.031518	798.497
2 	0.5	512	262144	2	0	0.025673	802.275	0.025673	802.796
2 	0.5	512	262144	2	1	0.02574	802.693	0.02574	803.494
2 	0.5	512	262144	2	2	0.026295	803.314	0.026295	802.239
2 	0.5	512	262144	2	3	0.025444	801.735	0.025444	802.234
2 	0.5	512	262144	2	4	0.026461	803.95	0.026461	802.687
2 	1	512	262144	2	0	0.025284	814.268	0.025284	813.984
2 	1	512	262144	2	1	0.023437	815.029	0.023437	814.053
2 	1	512	262144	2	2	0.024129	813.395	0.024129	814.368
2 	1	512	262144	2	3	0.024272	813.749	0.024272	814.959
2 	1	512	262144	2	4	0.024813	814.768	0.024813	815.612
2 	2	512	262144	2	0	0.024342	837.137	0.024342	836.991
2 	2	512	262144	2	1	0.02463	841.051	0.02463	834.896
2 	2	512	262144	2	2	0.02421	840.864	0.02421	838.224
2 	2	512	262144	2	3	0.022362	834.904	0.022362	836.895
2 	2	512	262144	2	4	0.023853	837.506	0.023853	836.955
2 	0.25	512	262144	3	0	0.026687	798.311	0.026687	798.541
2 	0.25	512	262144	3	1	0.026892	798.554	0.026892	798.052
2 	0.25	512	262144	3	2	0.02658	798.292	0.02658	798.038
2 	0.25	512	262144	3	3	0.026899	798.783	0.026899	798.585
2 	0.25	512	262144	3	4	0.02668	798.305	0.02668	798.788
2 	0.5	512	262144	3	0	0.021683	803.048	0.021683	802.735
2 	0.5	512	262144	3	1	0.021236	802.679	0.021236	803.037
2 	0.5	512	262144	3	2	0.020909	802.953	0.020909	802.193
2 	0.5	512	262144	3	3	0.021277	802.802	0.021277	803.643
2 	0.5	512	262144	3	4	0.021601	803.241	0.021601	802.46
2 	1	512	262144	3	0	0.01919	815.008	0.01919	814.989
2 	1	512	262144	3	1	0.019073	814.026	0.019073	814.838
2 	1	512	262144	3	2	0.018952	813.975	0.018952	815.201
2 	1	512	262144	3	3	0.018812	813.945	0.018812	814.631
2 	1	512	262144	3	4	0.019181	814.967	0.019181	814.025
2 	2	512	262144	3	0	0.017372	838.802	0.017372	840.772
2 	2	512	262144	3	1	0.017753	838.096	0.017753	841.026
2 	2	512	262144	3	2	0.018074	838.112	0.018074	840.918
2 	2	512	262144	3	3	0.018248	839.449	0.018248	841.019
